{"/home/midory/rpl-ai-curriculum/lms/src/lib/server/aiedu.ts": {"path":"/home/midory/rpl-ai-curriculum/lms/src/lib/server/aiedu.ts","statementMap":{"0":{"start":{"line":3,"column":24},"end":{"line":3,"column":null}},"1":{"start":{"line":4,"column":22},"end":{"line":4,"column":null}},"2":{"start":{"line":14,"column":95},"end":{"line":87,"column":null}},"3":{"start":{"line":98,"column":14},"end":{"line":98,"column":null}},"4":{"start":{"line":99,"column":16},"end":{"line":99,"column":null}},"5":{"start":{"line":100,"column":15},"end":{"line":100,"column":null}},"6":{"start":{"line":102,"column":20},"end":{"line":106,"column":null}},"7":{"start":{"line":108,"column":17},"end":{"line":116,"column":null}},"8":{"start":{"line":118,"column":41},"end":{"line":118,"column":null}},"9":{"start":{"line":119,"column":1},"end":{"line":119,"column":null}},"10":{"start":{"line":119,"column":13},"end":{"line":119,"column":null}},"11":{"start":{"line":121,"column":13},"end":{"line":125,"column":null}},"12":{"start":{"line":127,"column":1},"end":{"line":130,"column":null}},"13":{"start":{"line":128,"column":18},"end":{"line":128,"column":null}},"14":{"start":{"line":129,"column":2},"end":{"line":129,"column":null}},"15":{"start":{"line":132,"column":14},"end":{"line":132,"column":null}},"16":{"start":{"line":133,"column":1},"end":{"line":133,"column":null}},"17":{"start":{"line":142,"column":16},"end":{"line":142,"column":null}},"18":{"start":{"line":143,"column":15},"end":{"line":143,"column":null}},"19":{"start":{"line":145,"column":17},"end":{"line":150,"column":null}},"20":{"start":{"line":152,"column":41},"end":{"line":152,"column":null}},"21":{"start":{"line":153,"column":1},"end":{"line":153,"column":null}},"22":{"start":{"line":153,"column":13},"end":{"line":153,"column":null}},"23":{"start":{"line":155,"column":13},"end":{"line":159,"column":null}},"24":{"start":{"line":161,"column":1},"end":{"line":164,"column":null}},"25":{"start":{"line":162,"column":18},"end":{"line":162,"column":null}},"26":{"start":{"line":163,"column":2},"end":{"line":163,"column":null}},"27":{"start":{"line":166,"column":14},"end":{"line":166,"column":null}},"28":{"start":{"line":167,"column":1},"end":{"line":167,"column":null}},"29":{"start":{"line":178,"column":16},"end":{"line":178,"column":null}},"30":{"start":{"line":179,"column":15},"end":{"line":179,"column":null}},"31":{"start":{"line":182,"column":25},"end":{"line":182,"column":null}},"32":{"start":{"line":183,"column":11},"end":{"line":183,"column":null}},"33":{"start":{"line":184,"column":1},"end":{"line":187,"column":null}},"34":{"start":{"line":184,"column":14},"end":{"line":184,"column":17}},"35":{"start":{"line":185,"column":15},"end":{"line":185,"column":null}},"36":{"start":{"line":185,"column":44},"end":{"line":185,"column":101}},"37":{"start":{"line":186,"column":2},"end":{"line":186,"column":null}},"38":{"start":{"line":189,"column":17},"end":{"line":214,"column":null}},"39":{"start":{"line":216,"column":41},"end":{"line":216,"column":null}},"40":{"start":{"line":217,"column":1},"end":{"line":217,"column":null}},"41":{"start":{"line":217,"column":13},"end":{"line":217,"column":null}},"42":{"start":{"line":219,"column":13},"end":{"line":223,"column":null}},"43":{"start":{"line":225,"column":1},"end":{"line":228,"column":null}},"44":{"start":{"line":226,"column":18},"end":{"line":226,"column":null}},"45":{"start":{"line":227,"column":2},"end":{"line":227,"column":null}},"46":{"start":{"line":230,"column":14},"end":{"line":230,"column":null}},"47":{"start":{"line":231,"column":1},"end":{"line":231,"column":null}},"48":{"start":{"line":244,"column":16},"end":{"line":244,"column":null}},"49":{"start":{"line":245,"column":15},"end":{"line":245,"column":null}},"50":{"start":{"line":247,"column":20},"end":{"line":247,"column":null}},"51":{"start":{"line":247,"column":38},"end":{"line":247,"column":63}},"52":{"start":{"line":249,"column":17},"end":{"line":276,"column":null}},"53":{"start":{"line":278,"column":41},"end":{"line":278,"column":null}},"54":{"start":{"line":279,"column":1},"end":{"line":279,"column":null}},"55":{"start":{"line":279,"column":13},"end":{"line":279,"column":null}},"56":{"start":{"line":281,"column":13},"end":{"line":285,"column":null}},"57":{"start":{"line":287,"column":1},"end":{"line":290,"column":null}},"58":{"start":{"line":288,"column":18},"end":{"line":288,"column":null}},"59":{"start":{"line":289,"column":2},"end":{"line":289,"column":null}},"60":{"start":{"line":292,"column":14},"end":{"line":292,"column":null}},"61":{"start":{"line":293,"column":1},"end":{"line":293,"column":null}},"62":{"start":{"line":305,"column":16},"end":{"line":305,"column":null}},"63":{"start":{"line":306,"column":15},"end":{"line":306,"column":null}},"64":{"start":{"line":308,"column":17},"end":{"line":339,"column":null}},"65":{"start":{"line":341,"column":41},"end":{"line":341,"column":null}},"66":{"start":{"line":342,"column":1},"end":{"line":342,"column":null}},"67":{"start":{"line":342,"column":13},"end":{"line":342,"column":null}},"68":{"start":{"line":344,"column":13},"end":{"line":348,"column":null}},"69":{"start":{"line":350,"column":1},"end":{"line":353,"column":null}},"70":{"start":{"line":351,"column":18},"end":{"line":351,"column":null}},"71":{"start":{"line":352,"column":2},"end":{"line":352,"column":null}},"72":{"start":{"line":355,"column":14},"end":{"line":355,"column":null}},"73":{"start":{"line":356,"column":17},"end":{"line":356,"column":null}},"74":{"start":{"line":359,"column":19},"end":{"line":359,"column":null}},"75":{"start":{"line":360,"column":1},"end":{"line":360,"column":null}},"76":{"start":{"line":360,"column":17},"end":{"line":360,"column":null}},"77":{"start":{"line":363,"column":1},"end":{"line":367,"column":null}},"78":{"start":{"line":364,"column":2},"end":{"line":364,"column":null}},"79":{"start":{"line":366,"column":2},"end":{"line":366,"column":null}},"80":{"start":{"line":369,"column":18},"end":{"line":369,"column":null}},"81":{"start":{"line":370,"column":1},"end":{"line":370,"column":null}},"82":{"start":{"line":370,"column":22},"end":{"line":370,"column":null}},"83":{"start":{"line":372,"column":1},"end":{"line":375,"column":null}}},"fnMap":{"0":{"name":"generateDoc","decl":{"start":{"line":89,"column":22},"end":{"line":89,"column":null}},"loc":{"start":{"line":97,"column":19},"end":{"line":134,"column":null}},"line":97},"1":{"name":"chatGuru","decl":{"start":{"line":137,"column":22},"end":{"line":137,"column":null}},"loc":{"start":{"line":141,"column":19},"end":{"line":168,"column":null}},"line":141},"2":{"name":"analyzeGrades","decl":{"start":{"line":171,"column":22},"end":{"line":171,"column":null}},"loc":{"start":{"line":177,"column":19},"end":{"line":232,"column":null}},"line":177},"3":{"name":"(anonymous_3)","decl":{"start":{"line":185,"column":32},"end":{"line":185,"column":37}},"loc":{"start":{"line":185,"column":44},"end":{"line":185,"column":101}},"line":185},"4":{"name":"generateRapor","decl":{"start":{"line":235,"column":22},"end":{"line":235,"column":null}},"loc":{"start":{"line":243,"column":19},"end":{"line":294,"column":null}},"line":243},"5":{"name":"(anonymous_5)","decl":{"start":{"line":247,"column":27},"end":{"line":247,"column":32}},"loc":{"start":{"line":247,"column":38},"end":{"line":247,"column":63}},"line":247},"6":{"name":"gradeEssay","decl":{"start":{"line":297,"column":22},"end":{"line":297,"column":null}},"loc":{"start":{"line":304,"column":48},"end":{"line":376,"column":null}},"line":304}},"branchMap":{"0":{"loc":{"start":{"line":99,"column":16},"end":{"line":99,"column":null}},"type":"binary-expr","locations":[{"start":{"line":99,"column":16},"end":{"line":99,"column":44}},{"start":{"line":99,"column":44},"end":{"line":99,"column":null}}],"line":99},"1":{"loc":{"start":{"line":105,"column":2},"end":{"line":105,"column":null}},"type":"cond-expr","locations":[{"start":{"line":105,"column":22},"end":{"line":105,"column":58}},{"start":{"line":105,"column":58},"end":{"line":105,"column":null}}],"line":105},"2":{"loc":{"start":{"line":106,"column":2},"end":{"line":106,"column":null}},"type":"cond-expr","locations":[{"start":{"line":106,"column":17},"end":{"line":106,"column":55}},{"start":{"line":106,"column":55},"end":{"line":106,"column":null}}],"line":106},"3":{"loc":{"start":{"line":119,"column":1},"end":{"line":119,"column":null}},"type":"if","locations":[{"start":{"line":119,"column":1},"end":{"line":119,"column":null}},{"start":{},"end":{}}],"line":119},"4":{"loc":{"start":{"line":127,"column":1},"end":{"line":130,"column":null}},"type":"if","locations":[{"start":{"line":127,"column":1},"end":{"line":130,"column":null}},{"start":{},"end":{}}],"line":127},"5":{"loc":{"start":{"line":133,"column":8},"end":{"line":133,"column":null}},"type":"binary-expr","locations":[{"start":{"line":133,"column":8},"end":{"line":133,"column":48}},{"start":{"line":133,"column":48},"end":{"line":133,"column":null}}],"line":133},"6":{"loc":{"start":{"line":142,"column":16},"end":{"line":142,"column":null}},"type":"binary-expr","locations":[{"start":{"line":142,"column":16},"end":{"line":142,"column":44}},{"start":{"line":142,"column":44},"end":{"line":142,"column":null}}],"line":142},"7":{"loc":{"start":{"line":153,"column":1},"end":{"line":153,"column":null}},"type":"if","locations":[{"start":{"line":153,"column":1},"end":{"line":153,"column":null}},{"start":{},"end":{}}],"line":153},"8":{"loc":{"start":{"line":161,"column":1},"end":{"line":164,"column":null}},"type":"if","locations":[{"start":{"line":161,"column":1},"end":{"line":164,"column":null}},{"start":{},"end":{}}],"line":161},"9":{"loc":{"start":{"line":167,"column":8},"end":{"line":167,"column":null}},"type":"binary-expr","locations":[{"start":{"line":167,"column":8},"end":{"line":167,"column":48}},{"start":{"line":167,"column":48},"end":{"line":167,"column":null}}],"line":167},"10":{"loc":{"start":{"line":178,"column":16},"end":{"line":178,"column":null}},"type":"binary-expr","locations":[{"start":{"line":178,"column":16},"end":{"line":178,"column":44}},{"start":{"line":178,"column":44},"end":{"line":178,"column":null}}],"line":178},"11":{"loc":{"start":{"line":185,"column":44},"end":{"line":185,"column":101}},"type":"cond-expr","locations":[{"start":{"line":185,"column":82},"end":{"line":185,"column":88}},{"start":{"line":185,"column":88},"end":{"line":185,"column":101}}],"line":185},"12":{"loc":{"start":{"line":185,"column":44},"end":{"line":185,"column":82}},"type":"binary-expr","locations":[{"start":{"line":185,"column":44},"end":{"line":185,"column":61}},{"start":{"line":185,"column":61},"end":{"line":185,"column":82}}],"line":185},"13":{"loc":{"start":{"line":217,"column":1},"end":{"line":217,"column":null}},"type":"if","locations":[{"start":{"line":217,"column":1},"end":{"line":217,"column":null}},{"start":{},"end":{}}],"line":217},"14":{"loc":{"start":{"line":225,"column":1},"end":{"line":228,"column":null}},"type":"if","locations":[{"start":{"line":225,"column":1},"end":{"line":228,"column":null}},{"start":{},"end":{}}],"line":225},"15":{"loc":{"start":{"line":231,"column":8},"end":{"line":231,"column":null}},"type":"binary-expr","locations":[{"start":{"line":231,"column":8},"end":{"line":231,"column":48}},{"start":{"line":231,"column":48},"end":{"line":231,"column":null}}],"line":231},"16":{"loc":{"start":{"line":244,"column":16},"end":{"line":244,"column":null}},"type":"binary-expr","locations":[{"start":{"line":244,"column":16},"end":{"line":244,"column":44}},{"start":{"line":244,"column":44},"end":{"line":244,"column":null}}],"line":244},"17":{"loc":{"start":{"line":269,"column":2},"end":{"line":269,"column":null}},"type":"cond-expr","locations":[{"start":{"line":269,"column":13},"end":{"line":269,"column":44}},{"start":{"line":269,"column":44},"end":{"line":269,"column":null}}],"line":269},"18":{"loc":{"start":{"line":279,"column":1},"end":{"line":279,"column":null}},"type":"if","locations":[{"start":{"line":279,"column":1},"end":{"line":279,"column":null}},{"start":{},"end":{}}],"line":279},"19":{"loc":{"start":{"line":287,"column":1},"end":{"line":290,"column":null}},"type":"if","locations":[{"start":{"line":287,"column":1},"end":{"line":290,"column":null}},{"start":{},"end":{}}],"line":287},"20":{"loc":{"start":{"line":293,"column":8},"end":{"line":293,"column":null}},"type":"binary-expr","locations":[{"start":{"line":293,"column":8},"end":{"line":293,"column":48}},{"start":{"line":293,"column":48},"end":{"line":293,"column":null}}],"line":293},"21":{"loc":{"start":{"line":305,"column":16},"end":{"line":305,"column":null}},"type":"binary-expr","locations":[{"start":{"line":305,"column":16},"end":{"line":305,"column":44}},{"start":{"line":305,"column":44},"end":{"line":305,"column":null}}],"line":305},"22":{"loc":{"start":{"line":328,"column":2},"end":{"line":328,"column":67}},"type":"cond-expr","locations":[{"start":{"line":328,"column":16},"end":{"line":328,"column":62}},{"start":{"line":328,"column":62},"end":{"line":328,"column":67}}],"line":328},"23":{"loc":{"start":{"line":328,"column":67},"end":{"line":328,"column":null}},"type":"cond-expr","locations":[{"start":{"line":328,"column":76},"end":{"line":328,"column":110}},{"start":{"line":328,"column":110},"end":{"line":328,"column":null}}],"line":328},"24":{"loc":{"start":{"line":331,"column":2},"end":{"line":331,"column":null}},"type":"binary-expr","locations":[{"start":{"line":331,"column":2},"end":{"line":331,"column":19}},{"start":{"line":331,"column":19},"end":{"line":331,"column":null}}],"line":331},"25":{"loc":{"start":{"line":342,"column":1},"end":{"line":342,"column":null}},"type":"if","locations":[{"start":{"line":342,"column":1},"end":{"line":342,"column":null}},{"start":{},"end":{}}],"line":342},"26":{"loc":{"start":{"line":350,"column":1},"end":{"line":353,"column":null}},"type":"if","locations":[{"start":{"line":350,"column":1},"end":{"line":353,"column":null}},{"start":{},"end":{}}],"line":350},"27":{"loc":{"start":{"line":356,"column":17},"end":{"line":356,"column":null}},"type":"binary-expr","locations":[{"start":{"line":356,"column":17},"end":{"line":356,"column":57}},{"start":{"line":356,"column":57},"end":{"line":356,"column":null}}],"line":356},"28":{"loc":{"start":{"line":360,"column":1},"end":{"line":360,"column":null}},"type":"if","locations":[{"start":{"line":360,"column":1},"end":{"line":360,"column":null}},{"start":{},"end":{}}],"line":360},"29":{"loc":{"start":{"line":370,"column":1},"end":{"line":370,"column":null}},"type":"if","locations":[{"start":{"line":370,"column":1},"end":{"line":370,"column":null}},{"start":{},"end":{}}],"line":370},"30":{"loc":{"start":{"line":374,"column":19},"end":{"line":374,"column":40}},"type":"binary-expr","locations":[{"start":{"line":374,"column":19},"end":{"line":374,"column":38}},{"start":{"line":374,"column":38},"end":{"line":374,"column":40}}],"line":374}},"s":{"0":0,"1":0,"2":0,"3":0,"4":0,"5":0,"6":0,"7":0,"8":0,"9":0,"10":0,"11":0,"12":0,"13":0,"14":0,"15":0,"16":0,"17":0,"18":0,"19":0,"20":0,"21":0,"22":0,"23":0,"24":0,"25":0,"26":0,"27":0,"28":0,"29":0,"30":0,"31":0,"32":0,"33":0,"34":0,"35":0,"36":0,"37":0,"38":0,"39":0,"40":0,"41":0,"42":0,"43":0,"44":0,"45":0,"46":0,"47":0,"48":0,"49":0,"50":0,"51":0,"52":0,"53":0,"54":0,"55":0,"56":0,"57":0,"58":0,"59":0,"60":0,"61":0,"62":0,"63":0,"64":0,"65":0,"66":0,"67":0,"68":0,"69":0,"70":0,"71":0,"72":0,"73":0,"74":0,"75":0,"76":0,"77":0,"78":0,"79":0,"80":0,"81":0,"82":0,"83":0},"f":{"0":0,"1":0,"2":0,"3":0,"4":0,"5":0,"6":0},"b":{"0":[0,0],"1":[0,0],"2":[0,0],"3":[0,0],"4":[0,0],"5":[0,0],"6":[0,0],"7":[0,0],"8":[0,0],"9":[0,0],"10":[0,0],"11":[0,0],"12":[0,0],"13":[0,0],"14":[0,0],"15":[0,0],"16":[0,0],"17":[0,0],"18":[0,0],"19":[0,0],"20":[0,0],"21":[0,0],"22":[0,0],"23":[0,0],"24":[0,0],"25":[0,0],"26":[0,0],"27":[0,0],"28":[0,0],"29":[0,0],"30":[0,0]},"meta":{"lastBranch":31,"lastFunction":7,"lastStatement":84,"seen":{"s:3:24:3:Infinity":0,"s:4:22:4:Infinity":1,"s:14:95:87:Infinity":2,"f:89:22:89:Infinity":0,"s:98:14:98:Infinity":3,"s:99:16:99:Infinity":4,"b:99:16:99:44:99:44:99:Infinity":0,"s:100:15:100:Infinity":5,"s:102:20:106:Infinity":6,"b:105:22:105:58:105:58:105:Infinity":1,"b:106:17:106:55:106:55:106:Infinity":2,"s:108:17:116:Infinity":7,"s:118:41:118:Infinity":8,"b:119:1:119:Infinity:undefined:undefined:undefined:undefined":3,"s:119:1:119:Infinity":9,"s:119:13:119:Infinity":10,"s:121:13:125:Infinity":11,"b:127:1:130:Infinity:undefined:undefined:undefined:undefined":4,"s:127:1:130:Infinity":12,"s:128:18:128:Infinity":13,"s:129:2:129:Infinity":14,"s:132:14:132:Infinity":15,"s:133:1:133:Infinity":16,"b:133:8:133:48:133:48:133:Infinity":5,"f:137:22:137:Infinity":1,"s:142:16:142:Infinity":17,"b:142:16:142:44:142:44:142:Infinity":6,"s:143:15:143:Infinity":18,"s:145:17:150:Infinity":19,"s:152:41:152:Infinity":20,"b:153:1:153:Infinity:undefined:undefined:undefined:undefined":7,"s:153:1:153:Infinity":21,"s:153:13:153:Infinity":22,"s:155:13:159:Infinity":23,"b:161:1:164:Infinity:undefined:undefined:undefined:undefined":8,"s:161:1:164:Infinity":24,"s:162:18:162:Infinity":25,"s:163:2:163:Infinity":26,"s:166:14:166:Infinity":27,"s:167:1:167:Infinity":28,"b:167:8:167:48:167:48:167:Infinity":9,"f:171:22:171:Infinity":2,"s:178:16:178:Infinity":29,"b:178:16:178:44:178:44:178:Infinity":10,"s:179:15:179:Infinity":30,"s:182:25:182:Infinity":31,"s:183:11:183:Infinity":32,"s:184:1:187:Infinity":33,"s:184:14:184:17":34,"s:185:15:185:Infinity":35,"f:185:32:185:37":3,"s:185:44:185:101":36,"b:185:82:185:88:185:88:185:101":11,"b:185:44:185:61:185:61:185:82":12,"s:186:2:186:Infinity":37,"s:189:17:214:Infinity":38,"s:216:41:216:Infinity":39,"b:217:1:217:Infinity:undefined:undefined:undefined:undefined":13,"s:217:1:217:Infinity":40,"s:217:13:217:Infinity":41,"s:219:13:223:Infinity":42,"b:225:1:228:Infinity:undefined:undefined:undefined:undefined":14,"s:225:1:228:Infinity":43,"s:226:18:226:Infinity":44,"s:227:2:227:Infinity":45,"s:230:14:230:Infinity":46,"s:231:1:231:Infinity":47,"b:231:8:231:48:231:48:231:Infinity":15,"f:235:22:235:Infinity":4,"s:244:16:244:Infinity":48,"b:244:16:244:44:244:44:244:Infinity":16,"s:245:15:245:Infinity":49,"s:247:20:247:Infinity":50,"f:247:27:247:32":5,"s:247:38:247:63":51,"s:249:17:276:Infinity":52,"b:269:13:269:44:269:44:269:Infinity":17,"s:278:41:278:Infinity":53,"b:279:1:279:Infinity:undefined:undefined:undefined:undefined":18,"s:279:1:279:Infinity":54,"s:279:13:279:Infinity":55,"s:281:13:285:Infinity":56,"b:287:1:290:Infinity:undefined:undefined:undefined:undefined":19,"s:287:1:290:Infinity":57,"s:288:18:288:Infinity":58,"s:289:2:289:Infinity":59,"s:292:14:292:Infinity":60,"s:293:1:293:Infinity":61,"b:293:8:293:48:293:48:293:Infinity":20,"f:297:22:297:Infinity":6,"s:305:16:305:Infinity":62,"b:305:16:305:44:305:44:305:Infinity":21,"s:306:15:306:Infinity":63,"s:308:17:339:Infinity":64,"b:328:16:328:62:328:62:328:67":22,"b:328:76:328:110:328:110:328:Infinity":23,"b:331:2:331:19:331:19:331:Infinity":24,"s:341:41:341:Infinity":65,"b:342:1:342:Infinity:undefined:undefined:undefined:undefined":25,"s:342:1:342:Infinity":66,"s:342:13:342:Infinity":67,"s:344:13:348:Infinity":68,"b:350:1:353:Infinity:undefined:undefined:undefined:undefined":26,"s:350:1:353:Infinity":69,"s:351:18:351:Infinity":70,"s:352:2:352:Infinity":71,"s:355:14:355:Infinity":72,"s:356:17:356:Infinity":73,"b:356:17:356:57:356:57:356:Infinity":27,"s:359:19:359:Infinity":74,"b:360:1:360:Infinity:undefined:undefined:undefined:undefined":28,"s:360:1:360:Infinity":75,"s:360:17:360:Infinity":76,"s:363:1:367:Infinity":77,"s:364:2:364:Infinity":78,"s:366:2:366:Infinity":79,"s:369:18:369:Infinity":80,"b:370:1:370:Infinity:undefined:undefined:undefined:undefined":29,"s:370:1:370:Infinity":81,"s:370:22:370:Infinity":82,"s:372:1:375:Infinity":83,"b:374:19:374:38:374:38:374:40":30},"fnNames":{}}}
,"/home/midory/rpl-ai-curriculum/lms/src/lib/server/analytics.ts": {"path":"/home/midory/rpl-ai-curriculum/lms/src/lib/server/analytics.ts","statementMap":{"0":{"start":{"line":12,"column":2},"end":{"line":36,"column":null}},"1":{"start":{"line":13,"column":15},"end":{"line":13,"column":null}},"2":{"start":{"line":14,"column":4},"end":{"line":33,"column":null}}},"fnMap":{"0":{"name":"logActivity","decl":{"start":{"line":3,"column":22},"end":{"line":3,"column":null}},"loc":{"start":{"line":11,"column":2},"end":{"line":37,"column":null}},"line":11}},"branchMap":{"0":{"loc":{"start":{"line":22,"column":8},"end":{"line":22,"column":null}},"type":"binary-expr","locations":[{"start":{"line":22,"column":8},"end":{"line":22,"column":22}},{"start":{"line":22,"column":22},"end":{"line":22,"column":null}}],"line":22},"1":{"loc":{"start":{"line":23,"column":8},"end":{"line":23,"column":null}},"type":"binary-expr","locations":[{"start":{"line":23,"column":8},"end":{"line":23,"column":20}},{"start":{"line":23,"column":20},"end":{"line":23,"column":null}}],"line":23},"2":{"loc":{"start":{"line":24,"column":8},"end":{"line":24,"column":null}},"type":"cond-expr","locations":[{"start":{"line":24,"column":19},"end":{"line":24,"column":46}},{"start":{"line":24,"column":46},"end":{"line":24,"column":null}}],"line":24},"3":{"loc":{"start":{"line":25,"column":8},"end":{"line":25,"column":null}},"type":"binary-expr","locations":[{"start":{"line":25,"column":8},"end":{"line":25,"column":28}},{"start":{"line":25,"column":28},"end":{"line":25,"column":null}}],"line":25},"4":{"loc":{"start":{"line":26,"column":8},"end":{"line":26,"column":null}},"type":"binary-expr","locations":[{"start":{"line":26,"column":8},"end":{"line":26,"column":23}},{"start":{"line":26,"column":23},"end":{"line":26,"column":null}}],"line":26},"5":{"loc":{"start":{"line":27,"column":8},"end":{"line":27,"column":null}},"type":"binary-expr","locations":[{"start":{"line":27,"column":8},"end":{"line":27,"column":25}},{"start":{"line":27,"column":25},"end":{"line":27,"column":null}}],"line":27},"6":{"loc":{"start":{"line":28,"column":8},"end":{"line":28,"column":null}},"type":"binary-expr","locations":[{"start":{"line":28,"column":8},"end":{"line":28,"column":29}},{"start":{"line":28,"column":29},"end":{"line":28,"column":null}}],"line":28},"7":{"loc":{"start":{"line":29,"column":8},"end":{"line":29,"column":null}},"type":"binary-expr","locations":[{"start":{"line":29,"column":8},"end":{"line":29,"column":29}},{"start":{"line":29,"column":29},"end":{"line":29,"column":null}}],"line":29},"8":{"loc":{"start":{"line":30,"column":8},"end":{"line":30,"column":null}},"type":"binary-expr","locations":[{"start":{"line":30,"column":8},"end":{"line":30,"column":28}},{"start":{"line":30,"column":28},"end":{"line":30,"column":null}}],"line":30}},"s":{"0":0,"1":0,"2":0},"f":{"0":0},"b":{"0":[0,0],"1":[0,0],"2":[0,0],"3":[0,0],"4":[0,0],"5":[0,0],"6":[0,0],"7":[0,0],"8":[0,0]},"meta":{"lastBranch":9,"lastFunction":1,"lastStatement":3,"seen":{"f:3:22:3:Infinity":0,"s:12:2:36:Infinity":0,"s:13:15:13:Infinity":1,"s:14:4:33:Infinity":2,"b:22:8:22:22:22:22:22:Infinity":0,"b:23:8:23:20:23:20:23:Infinity":1,"b:24:19:24:46:24:46:24:Infinity":2,"b:25:8:25:28:25:28:25:Infinity":3,"b:26:8:26:23:26:23:26:Infinity":4,"b:27:8:27:25:27:25:27:Infinity":5,"b:28:8:28:29:28:29:28:Infinity":6,"b:29:8:29:29:29:29:29:Infinity":7,"b:30:8:30:28:30:28:30:Infinity":8},"fnNames":{}}}
,"/home/midory/rpl-ai-curriculum/lms/src/lib/server/auth-rate-limit.ts": {"path":"/home/midory/rpl-ai-curriculum/lms/src/lib/server/auth-rate-limit.ts","statementMap":{"0":{"start":{"line":14,"column":23},"end":{"line":14,"column":null}},"1":{"start":{"line":15,"column":17},"end":{"line":15,"column":null}},"2":{"start":{"line":17,"column":17},"end":{"line":17,"column":null}},"3":{"start":{"line":20,"column":13},"end":{"line":20,"column":null}},"4":{"start":{"line":21,"column":1},"end":{"line":25,"column":null}},"5":{"start":{"line":22,"column":2},"end":{"line":24,"column":null}},"6":{"start":{"line":23,"column":3},"end":{"line":23,"column":null}},"7":{"start":{"line":33,"column":1},"end":{"line":33,"column":null}},"8":{"start":{"line":35,"column":13},"end":{"line":35,"column":null}},"9":{"start":{"line":36,"column":15},"end":{"line":36,"column":null}},"10":{"start":{"line":38,"column":1},"end":{"line":41,"column":null}},"11":{"start":{"line":39,"column":2},"end":{"line":39,"column":null}},"12":{"start":{"line":40,"column":2},"end":{"line":40,"column":null}},"13":{"start":{"line":43,"column":1},"end":{"line":43,"column":null}},"14":{"start":{"line":45,"column":1},"end":{"line":49,"column":null}},"15":{"start":{"line":46,"column":18},"end":{"line":46,"column":null}},"16":{"start":{"line":47,"column":21},"end":{"line":47,"column":null}},"17":{"start":{"line":48,"column":2},"end":{"line":48,"column":null}},"18":{"start":{"line":51,"column":1},"end":{"line":51,"column":null}},"19":{"start":{"line":58,"column":14},"end":{"line":58,"column":null}},"20":{"start":{"line":59,"column":1},"end":{"line":59,"column":null}},"21":{"start":{"line":59,"column":11},"end":{"line":59,"column":null}},"22":{"start":{"line":60,"column":13},"end":{"line":60,"column":null}},"23":{"start":{"line":61,"column":1},"end":{"line":61,"column":null}},"24":{"start":{"line":61,"column":10},"end":{"line":61,"column":null}},"25":{"start":{"line":62,"column":1},"end":{"line":62,"column":null}}},"fnMap":{"0":{"name":"cleanup","decl":{"start":{"line":19,"column":9},"end":{"line":19,"column":25}},"loc":{"start":{"line":19,"column":25},"end":{"line":26,"column":null}},"line":19},"1":{"name":"authRateLimit","decl":{"start":{"line":32,"column":16},"end":{"line":32,"column":30}},"loc":{"start":{"line":32,"column":84},"end":{"line":52,"column":null}},"line":32},"2":{"name":"getClientIp","decl":{"start":{"line":57,"column":16},"end":{"line":57,"column":28}},"loc":{"start":{"line":57,"column":54},"end":{"line":63,"column":null}},"line":57}},"branchMap":{"0":{"loc":{"start":{"line":22,"column":2},"end":{"line":24,"column":null}},"type":"if","locations":[{"start":{"line":22,"column":2},"end":{"line":24,"column":null}},{"start":{},"end":{}}],"line":22},"1":{"loc":{"start":{"line":38,"column":1},"end":{"line":41,"column":null}},"type":"if","locations":[{"start":{"line":38,"column":1},"end":{"line":41,"column":null}},{"start":{},"end":{}}],"line":38},"2":{"loc":{"start":{"line":38,"column":5},"end":{"line":38,"column":57}},"type":"binary-expr","locations":[{"start":{"line":38,"column":5},"end":{"line":38,"column":15}},{"start":{"line":38,"column":15},"end":{"line":38,"column":57}}],"line":38},"3":{"loc":{"start":{"line":45,"column":1},"end":{"line":49,"column":null}},"type":"if","locations":[{"start":{"line":45,"column":1},"end":{"line":49,"column":null}},{"start":{},"end":{}}],"line":45},"4":{"loc":{"start":{"line":59,"column":1},"end":{"line":59,"column":null}},"type":"if","locations":[{"start":{"line":59,"column":1},"end":{"line":59,"column":null}},{"start":{},"end":{}}],"line":59},"5":{"loc":{"start":{"line":61,"column":1},"end":{"line":61,"column":null}},"type":"if","locations":[{"start":{"line":61,"column":1},"end":{"line":61,"column":null}},{"start":{},"end":{}}],"line":61}},"s":{"0":0,"1":0,"2":0,"3":0,"4":0,"5":0,"6":0,"7":0,"8":0,"9":0,"10":0,"11":0,"12":0,"13":0,"14":0,"15":0,"16":0,"17":0,"18":0,"19":0,"20":0,"21":0,"22":0,"23":0,"24":0,"25":0},"f":{"0":0,"1":0,"2":0},"b":{"0":[0,0],"1":[0,0],"2":[0,0],"3":[0,0],"4":[0,0],"5":[0,0]},"meta":{"lastBranch":6,"lastFunction":3,"lastStatement":26,"seen":{"s:14:23:14:Infinity":0,"s:15:17:15:Infinity":1,"s:17:17:17:Infinity":2,"f:19:9:19:25":0,"s:20:13:20:Infinity":3,"s:21:1:25:Infinity":4,"b:22:2:24:Infinity:undefined:undefined:undefined:undefined":0,"s:22:2:24:Infinity":5,"s:23:3:23:Infinity":6,"f:32:16:32:30":1,"s:33:1:33:Infinity":7,"s:35:13:35:Infinity":8,"s:36:15:36:Infinity":9,"b:38:1:41:Infinity:undefined:undefined:undefined:undefined":1,"s:38:1:41:Infinity":10,"b:38:5:38:15:38:15:38:57":2,"s:39:2:39:Infinity":11,"s:40:2:40:Infinity":12,"s:43:1:43:Infinity":13,"b:45:1:49:Infinity:undefined:undefined:undefined:undefined":3,"s:45:1:49:Infinity":14,"s:46:18:46:Infinity":15,"s:47:21:47:Infinity":16,"s:48:2:48:Infinity":17,"s:51:1:51:Infinity":18,"f:57:16:57:28":2,"s:58:14:58:Infinity":19,"b:59:1:59:Infinity:undefined:undefined:undefined:undefined":4,"s:59:1:59:Infinity":20,"s:59:11:59:Infinity":21,"s:60:13:60:Infinity":22,"b:61:1:61:Infinity:undefined:undefined:undefined:undefined":5,"s:61:1:61:Infinity":23,"s:61:10:61:Infinity":24,"s:62:1:62:Infinity":25},"fnNames":{}}}
,"/home/midory/rpl-ai-curriculum/lms/src/lib/server/auth.ts": {"path":"/home/midory/rpl-ai-curriculum/lms/src/lib/server/auth.ts","statementMap":{"0":{"start":{"line":3,"column":23},"end":{"line":3,"column":null}},"1":{"start":{"line":34,"column":12},"end":{"line":34,"column":null}},"2":{"start":{"line":35,"column":15},"end":{"line":35,"column":null}},"3":{"start":{"line":36,"column":19},"end":{"line":36,"column":null}},"4":{"start":{"line":38,"column":1},"end":{"line":41,"column":null}},"5":{"start":{"line":43,"column":1},"end":{"line":43,"column":null}},"6":{"start":{"line":54,"column":12},"end":{"line":54,"column":null}},"7":{"start":{"line":55,"column":13},"end":{"line":55,"column":null}},"8":{"start":{"line":58,"column":1},"end":{"line":61,"column":null}},"9":{"start":{"line":63,"column":17},"end":{"line":66,"column":null}},"10":{"start":{"line":68,"column":1},"end":{"line":68,"column":null}},"11":{"start":{"line":68,"column":15},"end":{"line":68,"column":null}},"12":{"start":{"line":71,"column":12},"end":{"line":74,"column":null}},"13":{"start":{"line":76,"column":1},"end":{"line":81,"column":null}},"14":{"start":{"line":77,"column":2},"end":{"line":80,"column":null}},"15":{"start":{"line":83,"column":1},"end":{"line":87,"column":null}},"16":{"start":{"line":85,"column":2},"end":{"line":85,"column":null}},"17":{"start":{"line":86,"column":2},"end":{"line":86,"column":null}},"18":{"start":{"line":89,"column":1},"end":{"line":89,"column":null}},"19":{"start":{"line":96,"column":12},"end":{"line":96,"column":null}},"20":{"start":{"line":97,"column":1},"end":{"line":97,"column":null}},"21":{"start":{"line":104,"column":14},"end":{"line":104,"column":null}},"22":{"start":{"line":105,"column":1},"end":{"line":105,"column":null}},"23":{"start":{"line":105,"column":43},"end":{"line":105,"column":null}},"24":{"start":{"line":106,"column":1},"end":{"line":106,"column":null}},"25":{"start":{"line":115,"column":22},"end":{"line":115,"column":null}},"26":{"start":{"line":116,"column":1},"end":{"line":123,"column":null}},"27":{"start":{"line":117,"column":18},"end":{"line":117,"column":null}},"28":{"start":{"line":117,"column":51},"end":{"line":117,"column":59}},"29":{"start":{"line":118,"column":2},"end":{"line":122,"column":null}},"30":{"start":{"line":119,"column":3},"end":{"line":121,"column":null}},"31":{"start":{"line":120,"column":4},"end":{"line":120,"column":null}},"32":{"start":{"line":125,"column":1},"end":{"line":125,"column":null}},"33":{"start":{"line":134,"column":12},"end":{"line":134,"column":null}},"34":{"start":{"line":135,"column":18},"end":{"line":135,"column":null}},"35":{"start":{"line":136,"column":1},"end":{"line":136,"column":null}},"36":{"start":{"line":136,"column":15},"end":{"line":136,"column":null}},"37":{"start":{"line":138,"column":13},"end":{"line":138,"column":null}},"38":{"start":{"line":139,"column":1},"end":{"line":149,"column":null}},"39":{"start":{"line":150,"column":1},"end":{"line":150,"column":null}}},"fnMap":{"0":{"name":"createSession","decl":{"start":{"line":29,"column":22},"end":{"line":29,"column":null}},"loc":{"start":{"line":33,"column":19},"end":{"line":44,"column":null}},"line":33},"1":{"name":"getSession","decl":{"start":{"line":50,"column":22},"end":{"line":50,"column":null}},"loc":{"start":{"line":53,"column":51},"end":{"line":90,"column":null}},"line":53},"2":{"name":"deleteSession","decl":{"start":{"line":95,"column":22},"end":{"line":95,"column":36}},"loc":{"start":{"line":95,"column":90},"end":{"line":98,"column":null}},"line":95},"3":{"name":"getBearerToken","decl":{"start":{"line":103,"column":16},"end":{"line":103,"column":31}},"loc":{"start":{"line":103,"column":64},"end":{"line":107,"column":null}},"line":103},"4":{"name":"getTokenFromRequest","decl":{"start":{"line":113,"column":16},"end":{"line":113,"column":36}},"loc":{"start":{"line":113,"column":69},"end":{"line":126,"column":null}},"line":113},"5":{"name":"(anonymous_5)","decl":{"start":{"line":117,"column":42},"end":{"line":117,"column":46}},"loc":{"start":{"line":117,"column":51},"end":{"line":117,"column":59}},"line":117},"6":{"name":"getOrCreateUsersRow","decl":{"start":{"line":128,"column":22},"end":{"line":128,"column":null}},"loc":{"start":{"line":133,"column":16},"end":{"line":151,"column":null}},"line":133}},"branchMap":{"0":{"loc":{"start":{"line":32,"column":1},"end":{"line":32,"column":null}},"type":"default-arg","locations":[{"start":{"line":32,"column":20},"end":{"line":32,"column":null}}],"line":32},"1":{"loc":{"start":{"line":68,"column":1},"end":{"line":68,"column":null}},"type":"if","locations":[{"start":{"line":68,"column":1},"end":{"line":68,"column":null}},{"start":{},"end":{}}],"line":68},"2":{"loc":{"start":{"line":76,"column":1},"end":{"line":81,"column":null}},"type":"if","locations":[{"start":{"line":76,"column":1},"end":{"line":81,"column":null}},{"start":{},"end":{}}],"line":76},"3":{"loc":{"start":{"line":83,"column":1},"end":{"line":87,"column":null}},"type":"if","locations":[{"start":{"line":83,"column":1},"end":{"line":87,"column":null}},{"start":{},"end":{}}],"line":83},"4":{"loc":{"start":{"line":105,"column":1},"end":{"line":105,"column":null}},"type":"if","locations":[{"start":{"line":105,"column":1},"end":{"line":105,"column":null}},{"start":{},"end":{}}],"line":105},"5":{"loc":{"start":{"line":105,"column":5},"end":{"line":105,"column":43}},"type":"binary-expr","locations":[{"start":{"line":105,"column":5},"end":{"line":105,"column":14}},{"start":{"line":105,"column":14},"end":{"line":105,"column":43}}],"line":105},"6":{"loc":{"start":{"line":106,"column":8},"end":{"line":106,"column":null}},"type":"binary-expr","locations":[{"start":{"line":106,"column":8},"end":{"line":106,"column":32}},{"start":{"line":106,"column":32},"end":{"line":106,"column":null}}],"line":106},"7":{"loc":{"start":{"line":116,"column":1},"end":{"line":123,"column":null}},"type":"if","locations":[{"start":{"line":116,"column":1},"end":{"line":123,"column":null}},{"start":{},"end":{}}],"line":116},"8":{"loc":{"start":{"line":119,"column":3},"end":{"line":121,"column":null}},"type":"if","locations":[{"start":{"line":119,"column":3},"end":{"line":121,"column":null}},{"start":{},"end":{}}],"line":119},"9":{"loc":{"start":{"line":120,"column":11},"end":{"line":120,"column":null}},"type":"binary-expr","locations":[{"start":{"line":120,"column":11},"end":{"line":120,"column":63}},{"start":{"line":120,"column":63},"end":{"line":120,"column":null}}],"line":120},"10":{"loc":{"start":{"line":136,"column":1},"end":{"line":136,"column":null}},"type":"if","locations":[{"start":{"line":136,"column":1},"end":{"line":136,"column":null}},{"start":{},"end":{}}],"line":136},"11":{"loc":{"start":{"line":143,"column":2},"end":{"line":143,"column":null}},"type":"binary-expr","locations":[{"start":{"line":143,"column":2},"end":{"line":143,"column":26}},{"start":{"line":143,"column":26},"end":{"line":143,"column":null}}],"line":143},"12":{"loc":{"start":{"line":144,"column":2},"end":{"line":144,"column":null}},"type":"binary-expr","locations":[{"start":{"line":144,"column":2},"end":{"line":144,"column":11}},{"start":{"line":144,"column":11},"end":{"line":144,"column":null}}],"line":144},"13":{"loc":{"start":{"line":145,"column":2},"end":{"line":145,"column":null}},"type":"binary-expr","locations":[{"start":{"line":145,"column":2},"end":{"line":145,"column":10}},{"start":{"line":145,"column":10},"end":{"line":145,"column":null}}],"line":145}},"s":{"0":1,"1":0,"2":0,"3":0,"4":0,"5":0,"6":0,"7":0,"8":0,"9":0,"10":0,"11":0,"12":0,"13":0,"14":0,"15":0,"16":0,"17":0,"18":0,"19":0,"20":0,"21":5,"22":5,"23":3,"24":2,"25":3,"26":3,"27":1,"28":2,"29":1,"30":1,"31":1,"32":2,"33":0,"34":0,"35":0,"36":0,"37":0,"38":0,"39":0},"f":{"0":0,"1":0,"2":0,"3":5,"4":3,"5":2,"6":0},"b":{"0":[0],"1":[0,0],"2":[0,0],"3":[0,0],"4":[3,2],"5":[5,3],"6":[2,0],"7":[1,2],"8":[1,0],"9":[1,0],"10":[0,0],"11":[0,0],"12":[0,0],"13":[0,0]},"meta":{"lastBranch":14,"lastFunction":7,"lastStatement":40,"seen":{"s:3:23:3:Infinity":0,"f:29:22:29:Infinity":0,"b:32:20:32:Infinity":0,"s:34:12:34:Infinity":1,"s:35:15:35:Infinity":2,"s:36:19:36:Infinity":3,"s:38:1:41:Infinity":4,"s:43:1:43:Infinity":5,"f:50:22:50:Infinity":1,"s:54:12:54:Infinity":6,"s:55:13:55:Infinity":7,"s:58:1:61:Infinity":8,"s:63:17:66:Infinity":9,"b:68:1:68:Infinity:undefined:undefined:undefined:undefined":1,"s:68:1:68:Infinity":10,"s:68:15:68:Infinity":11,"s:71:12:74:Infinity":12,"b:76:1:81:Infinity:undefined:undefined:undefined:undefined":2,"s:76:1:81:Infinity":13,"s:77:2:80:Infinity":14,"b:83:1:87:Infinity:undefined:undefined:undefined:undefined":3,"s:83:1:87:Infinity":15,"s:85:2:85:Infinity":16,"s:86:2:86:Infinity":17,"s:89:1:89:Infinity":18,"f:95:22:95:36":2,"s:96:12:96:Infinity":19,"s:97:1:97:Infinity":20,"f:103:16:103:31":3,"s:104:14:104:Infinity":21,"b:105:1:105:Infinity:undefined:undefined:undefined:undefined":4,"s:105:1:105:Infinity":22,"b:105:5:105:14:105:14:105:43":5,"s:105:43:105:Infinity":23,"s:106:1:106:Infinity":24,"b:106:8:106:32:106:32:106:Infinity":6,"f:113:16:113:36":4,"s:115:22:115:Infinity":25,"b:116:1:123:Infinity:undefined:undefined:undefined:undefined":7,"s:116:1:123:Infinity":26,"s:117:18:117:Infinity":27,"f:117:42:117:46":5,"s:117:51:117:59":28,"s:118:2:122:Infinity":29,"b:119:3:121:Infinity:undefined:undefined:undefined:undefined":8,"s:119:3:121:Infinity":30,"s:120:4:120:Infinity":31,"b:120:11:120:63:120:63:120:Infinity":9,"s:125:1:125:Infinity":32,"f:128:22:128:Infinity":6,"s:134:12:134:Infinity":33,"s:135:18:135:Infinity":34,"b:136:1:136:Infinity:undefined:undefined:undefined:undefined":10,"s:136:1:136:Infinity":35,"s:136:15:136:Infinity":36,"s:138:13:138:Infinity":37,"s:139:1:149:Infinity":38,"b:143:2:143:26:143:26:143:Infinity":11,"b:144:2:144:11:144:11:144:Infinity":12,"b:145:2:145:10:145:10:145:Infinity":13,"s:150:1:150:Infinity":39},"fnNames":{}}}
,"/home/midory/rpl-ai-curriculum/lms/src/lib/server/badges.ts": {"path":"/home/midory/rpl-ai-curriculum/lms/src/lib/server/badges.ts","statementMap":{"0":{"start":{"line":8,"column":12},"end":{"line":8,"column":null}},"1":{"start":{"line":9,"column":32},"end":{"line":9,"column":null}},"2":{"start":{"line":12,"column":16},"end":{"line":12,"column":null}},"3":{"start":{"line":15,"column":20},"end":{"line":18,"column":null}},"4":{"start":{"line":20,"column":23},"end":{"line":20,"column":null}},"5":{"start":{"line":20,"column":82},"end":{"line":20,"column":92}},"6":{"start":{"line":23,"column":26},"end":{"line":26,"column":null}},"7":{"start":{"line":28,"column":27},"end":{"line":31,"column":null}},"8":{"start":{"line":33,"column":26},"end":{"line":36,"column":null}},"9":{"start":{"line":39,"column":1},"end":{"line":70,"column":null}},"10":{"start":{"line":40,"column":2},"end":{"line":40,"column":null}},"11":{"start":{"line":40,"column":35},"end":{"line":40,"column":null}},"12":{"start":{"line":42,"column":15},"end":{"line":42,"column":null}},"13":{"start":{"line":44,"column":2},"end":{"line":60,"column":null}},"14":{"start":{"line":46,"column":4},"end":{"line":46,"column":null}},"15":{"start":{"line":47,"column":4},"end":{"line":47,"column":null}},"16":{"start":{"line":49,"column":4},"end":{"line":49,"column":null}},"17":{"start":{"line":50,"column":4},"end":{"line":50,"column":null}},"18":{"start":{"line":52,"column":4},"end":{"line":52,"column":null}},"19":{"start":{"line":53,"column":4},"end":{"line":53,"column":null}},"20":{"start":{"line":56,"column":4},"end":{"line":56,"column":null}},"21":{"start":{"line":59,"column":4},"end":{"line":59,"column":null}},"22":{"start":{"line":62,"column":2},"end":{"line":69,"column":null}},"23":{"start":{"line":63,"column":14},"end":{"line":63,"column":null}},"24":{"start":{"line":64,"column":3},"end":{"line":67,"column":null}},"25":{"start":{"line":68,"column":3},"end":{"line":68,"column":null}},"26":{"start":{"line":72,"column":1},"end":{"line":72,"column":null}}},"fnMap":{"0":{"name":"checkAndAwardBadges","decl":{"start":{"line":7,"column":22},"end":{"line":7,"column":42}},"loc":{"start":{"line":7,"column":101},"end":{"line":73,"column":null}},"line":7},"1":{"name":"(anonymous_1)","decl":{"start":{"line":20,"column":66},"end":{"line":20,"column":71}},"loc":{"start":{"line":20,"column":82},"end":{"line":20,"column":92}},"line":20}},"branchMap":{"0":{"loc":{"start":{"line":20,"column":40},"end":{"line":20,"column":64}},"type":"binary-expr","locations":[{"start":{"line":20,"column":40},"end":{"line":20,"column":62}},{"start":{"line":20,"column":62},"end":{"line":20,"column":64}}],"line":20},"1":{"loc":{"start":{"line":39,"column":22},"end":{"line":39,"column":54}},"type":"binary-expr","locations":[{"start":{"line":39,"column":22},"end":{"line":39,"column":40}},{"start":{"line":39,"column":40},"end":{"line":39,"column":54}}],"line":39},"2":{"loc":{"start":{"line":40,"column":2},"end":{"line":40,"column":null}},"type":"if","locations":[{"start":{"line":40,"column":2},"end":{"line":40,"column":null}},{"start":{},"end":{}}],"line":40},"3":{"loc":{"start":{"line":44,"column":2},"end":{"line":60,"column":null}},"type":"switch","locations":[{"start":{"line":45,"column":3},"end":{"line":47,"column":null}},{"start":{"line":48,"column":3},"end":{"line":50,"column":null}},{"start":{"line":51,"column":3},"end":{"line":53,"column":null}},{"start":{"line":54,"column":3},"end":{"line":56,"column":null}},{"start":{"line":58,"column":3},"end":{"line":59,"column":null}}],"line":44},"4":{"loc":{"start":{"line":46,"column":14},"end":{"line":46,"column":47}},"type":"binary-expr","locations":[{"start":{"line":46,"column":14},"end":{"line":46,"column":41}},{"start":{"line":46,"column":41},"end":{"line":46,"column":47}}],"line":46},"5":{"loc":{"start":{"line":49,"column":14},"end":{"line":49,"column":48}},"type":"binary-expr","locations":[{"start":{"line":49,"column":14},"end":{"line":49,"column":42}},{"start":{"line":49,"column":42},"end":{"line":49,"column":48}}],"line":49},"6":{"loc":{"start":{"line":52,"column":14},"end":{"line":52,"column":47}},"type":"binary-expr","locations":[{"start":{"line":52,"column":14},"end":{"line":52,"column":41}},{"start":{"line":52,"column":41},"end":{"line":52,"column":47}}],"line":52},"7":{"loc":{"start":{"line":62,"column":2},"end":{"line":69,"column":null}},"type":"if","locations":[{"start":{"line":62,"column":2},"end":{"line":69,"column":null}},{"start":{},"end":{}}],"line":62}},"s":{"0":0,"1":0,"2":0,"3":0,"4":0,"5":0,"6":0,"7":0,"8":0,"9":0,"10":0,"11":0,"12":0,"13":0,"14":0,"15":0,"16":0,"17":0,"18":0,"19":0,"20":0,"21":0,"22":0,"23":0,"24":0,"25":0,"26":0},"f":{"0":0,"1":0},"b":{"0":[0,0],"1":[0,0],"2":[0,0],"3":[0,0,0,0,0],"4":[0,0],"5":[0,0],"6":[0,0],"7":[0,0]},"meta":{"lastBranch":8,"lastFunction":2,"lastStatement":27,"seen":{"f:7:22:7:42":0,"s:8:12:8:Infinity":0,"s:9:32:9:Infinity":1,"s:12:16:12:Infinity":2,"s:15:20:18:Infinity":3,"s:20:23:20:Infinity":4,"b:20:40:20:62:20:62:20:64":0,"f:20:66:20:71":1,"s:20:82:20:92":5,"s:23:26:26:Infinity":6,"s:28:27:31:Infinity":7,"s:33:26:36:Infinity":8,"s:39:1:70:Infinity":9,"b:39:22:39:40:39:40:39:54":1,"b:40:2:40:Infinity:undefined:undefined:undefined:undefined":2,"s:40:2:40:Infinity":10,"s:40:35:40:Infinity":11,"s:42:15:42:Infinity":12,"b:45:3:47:Infinity:48:3:50:Infinity:51:3:53:Infinity:54:3:56:Infinity:58:3:59:Infinity":3,"s:44:2:60:Infinity":13,"s:46:4:46:Infinity":14,"b:46:14:46:41:46:41:46:47":4,"s:47:4:47:Infinity":15,"s:49:4:49:Infinity":16,"b:49:14:49:42:49:42:49:48":5,"s:50:4:50:Infinity":17,"s:52:4:52:Infinity":18,"b:52:14:52:41:52:41:52:47":6,"s:53:4:53:Infinity":19,"s:56:4:56:Infinity":20,"s:59:4:59:Infinity":21,"b:62:2:69:Infinity:undefined:undefined:undefined:undefined":7,"s:62:2:69:Infinity":22,"s:63:14:63:Infinity":23,"s:64:3:67:Infinity":24,"s:68:3:68:Infinity":25,"s:72:1:72:Infinity":26},"fnNames":{}}}
,"/home/midory/rpl-ai-curriculum/lms/src/lib/server/cache.ts": {"path":"/home/midory/rpl-ai-curriculum/lms/src/lib/server/cache.ts","statementMap":{"0":{"start":{"line":6,"column":19},"end":{"line":6,"column":null}},"1":{"start":{"line":8,"column":20},"end":{"line":8,"column":null}},"2":{"start":{"line":20,"column":14},"end":{"line":20,"column":null}},"3":{"start":{"line":21,"column":17},"end":{"line":21,"column":null}},"4":{"start":{"line":22,"column":2},"end":{"line":24,"column":null}},"5":{"start":{"line":23,"column":4},"end":{"line":23,"column":null}},"6":{"start":{"line":25,"column":2},"end":{"line":28,"column":null}},"7":{"start":{"line":26,"column":4},"end":{"line":26,"column":null}},"8":{"start":{"line":27,"column":4},"end":{"line":27,"column":null}},"9":{"start":{"line":40,"column":14},"end":{"line":40,"column":null}},"10":{"start":{"line":41,"column":17},"end":{"line":41,"column":null}},"11":{"start":{"line":42,"column":2},"end":{"line":44,"column":null}},"12":{"start":{"line":43,"column":4},"end":{"line":43,"column":null}},"13":{"start":{"line":45,"column":2},"end":{"line":48,"column":null}},"14":{"start":{"line":46,"column":4},"end":{"line":46,"column":null}},"15":{"start":{"line":47,"column":4},"end":{"line":47,"column":null}},"16":{"start":{"line":57,"column":2},"end":{"line":65,"column":null}},"17":{"start":{"line":58,"column":4},"end":{"line":62,"column":null}},"18":{"start":{"line":59,"column":6},"end":{"line":61,"column":null}},"19":{"start":{"line":60,"column":8},"end":{"line":60,"column":null}},"20":{"start":{"line":64,"column":4},"end":{"line":64,"column":null}},"21":{"start":{"line":72,"column":2},"end":{"line":72,"column":null}}},"fnMap":{"0":{"name":"cachedDbQuery","decl":{"start":{"line":14,"column":16},"end":{"line":14,"column":null}},"loc":{"start":{"line":19,"column":36},"end":{"line":29,"column":null}},"line":19},"1":{"name":"(anonymous_1)","decl":{"start":{"line":25,"column":50},"end":{"line":25,"column":56}},"loc":{"start":{"line":25,"column":72},"end":{"line":28,"column":3}},"line":25},"2":{"name":"cachedDbFirst","decl":{"start":{"line":34,"column":16},"end":{"line":34,"column":null}},"loc":{"start":{"line":39,"column":21},"end":{"line":49,"column":null}},"line":39},"3":{"name":"(anonymous_3)","decl":{"start":{"line":45,"column":52},"end":{"line":45,"column":58}},"loc":{"start":{"line":45,"column":79},"end":{"line":48,"column":3}},"line":45},"4":{"name":"invalidateCache","decl":{"start":{"line":56,"column":16},"end":{"line":56,"column":32}},"loc":{"start":{"line":56,"column":56},"end":{"line":66,"column":null}},"line":56},"5":{"name":"clearQueryCache","decl":{"start":{"line":71,"column":16},"end":{"line":71,"column":40}},"loc":{"start":{"line":71,"column":40},"end":{"line":73,"column":null}},"line":71}},"branchMap":{"0":{"loc":{"start":{"line":17,"column":2},"end":{"line":17,"column":null}},"type":"default-arg","locations":[{"start":{"line":17,"column":22},"end":{"line":17,"column":null}}],"line":17},"1":{"loc":{"start":{"line":18,"column":2},"end":{"line":18,"column":null}},"type":"default-arg","locations":[{"start":{"line":18,"column":16},"end":{"line":18,"column":null}}],"line":18},"2":{"loc":{"start":{"line":22,"column":2},"end":{"line":24,"column":null}},"type":"if","locations":[{"start":{"line":22,"column":2},"end":{"line":24,"column":null}},{"start":{},"end":{}}],"line":22},"3":{"loc":{"start":{"line":22,"column":6},"end":{"line":22,"column":47}},"type":"binary-expr","locations":[{"start":{"line":22,"column":6},"end":{"line":22,"column":16}},{"start":{"line":22,"column":16},"end":{"line":22,"column":47}}],"line":22},"4":{"loc":{"start":{"line":37,"column":2},"end":{"line":37,"column":null}},"type":"default-arg","locations":[{"start":{"line":37,"column":22},"end":{"line":37,"column":null}}],"line":37},"5":{"loc":{"start":{"line":38,"column":2},"end":{"line":38,"column":null}},"type":"default-arg","locations":[{"start":{"line":38,"column":16},"end":{"line":38,"column":null}}],"line":38},"6":{"loc":{"start":{"line":42,"column":2},"end":{"line":44,"column":null}},"type":"if","locations":[{"start":{"line":42,"column":2},"end":{"line":44,"column":null}},{"start":{},"end":{}}],"line":42},"7":{"loc":{"start":{"line":42,"column":6},"end":{"line":42,"column":47}},"type":"binary-expr","locations":[{"start":{"line":42,"column":6},"end":{"line":42,"column":16}},{"start":{"line":42,"column":16},"end":{"line":42,"column":47}}],"line":42},"8":{"loc":{"start":{"line":57,"column":2},"end":{"line":65,"column":null}},"type":"if","locations":[{"start":{"line":57,"column":2},"end":{"line":65,"column":null}},{"start":{"line":63,"column":9},"end":{"line":65,"column":null}}],"line":57},"9":{"loc":{"start":{"line":59,"column":6},"end":{"line":61,"column":null}},"type":"if","locations":[{"start":{"line":59,"column":6},"end":{"line":61,"column":null}},{"start":{},"end":{}}],"line":59}},"s":{"0":0,"1":0,"2":0,"3":0,"4":0,"5":0,"6":0,"7":0,"8":0,"9":0,"10":0,"11":0,"12":0,"13":0,"14":0,"15":0,"16":0,"17":0,"18":0,"19":0,"20":0,"21":0},"f":{"0":0,"1":0,"2":0,"3":0,"4":0,"5":0},"b":{"0":[0],"1":[0],"2":[0,0],"3":[0,0],"4":[0],"5":[0],"6":[0,0],"7":[0,0],"8":[0,0],"9":[0,0]},"meta":{"lastBranch":10,"lastFunction":6,"lastStatement":22,"seen":{"s:6:19:6:Infinity":0,"s:8:20:8:Infinity":1,"f:14:16:14:Infinity":0,"b:17:22:17:Infinity":0,"b:18:16:18:Infinity":1,"s:20:14:20:Infinity":2,"s:21:17:21:Infinity":3,"b:22:2:24:Infinity:undefined:undefined:undefined:undefined":2,"s:22:2:24:Infinity":4,"b:22:6:22:16:22:16:22:47":3,"s:23:4:23:Infinity":5,"s:25:2:28:Infinity":6,"f:25:50:25:56":1,"s:26:4:26:Infinity":7,"s:27:4:27:Infinity":8,"f:34:16:34:Infinity":2,"b:37:22:37:Infinity":4,"b:38:16:38:Infinity":5,"s:40:14:40:Infinity":9,"s:41:17:41:Infinity":10,"b:42:2:44:Infinity:undefined:undefined:undefined:undefined":6,"s:42:2:44:Infinity":11,"b:42:6:42:16:42:16:42:47":7,"s:43:4:43:Infinity":12,"s:45:2:48:Infinity":13,"f:45:52:45:58":3,"s:46:4:46:Infinity":14,"s:47:4:47:Infinity":15,"f:56:16:56:32":4,"b:57:2:65:Infinity:63:9:65:Infinity":8,"s:57:2:65:Infinity":16,"s:58:4:62:Infinity":17,"b:59:6:61:Infinity:undefined:undefined:undefined:undefined":9,"s:59:6:61:Infinity":18,"s:60:8:60:Infinity":19,"s:64:4:64:Infinity":20,"f:71:16:71:40":5,"s:72:2:72:Infinity":21},"fnNames":{}}}
,"/home/midory/rpl-ai-curriculum/lms/src/lib/server/d1.ts": {"path":"/home/midory/rpl-ai-curriculum/lms/src/lib/server/d1.ts","statementMap":{"0":{"start":{"line":4,"column":1},"end":{"line":4,"column":null}},"1":{"start":{"line":8,"column":1},"end":{"line":8,"column":null}},"2":{"start":{"line":12,"column":1},"end":{"line":15,"column":null}}},"fnMap":{"0":{"name":"getDB","decl":{"start":{"line":3,"column":16},"end":{"line":3,"column":22}},"loc":{"start":{"line":3,"column":58},"end":{"line":5,"column":null}},"line":3},"1":{"name":"getDeviceId","decl":{"start":{"line":7,"column":16},"end":{"line":7,"column":28}},"loc":{"start":{"line":7,"column":54},"end":{"line":9,"column":null}},"line":7},"2":{"name":"jsonResponse","decl":{"start":{"line":11,"column":16},"end":{"line":11,"column":29}},"loc":{"start":{"line":11,"column":68},"end":{"line":16,"column":null}},"line":11}},"branchMap":{"0":{"loc":{"start":{"line":8,"column":8},"end":{"line":8,"column":null}},"type":"binary-expr","locations":[{"start":{"line":8,"column":8},"end":{"line":8,"column":46}},{"start":{"line":8,"column":46},"end":{"line":8,"column":null}}],"line":8},"1":{"loc":{"start":{"line":11,"column":44},"end":{"line":11,"column":68}},"type":"default-arg","locations":[{"start":{"line":11,"column":53},"end":{"line":11,"column":68}}],"line":11}},"s":{"0":0,"1":1,"2":1},"f":{"0":0,"1":1,"2":1},"b":{"0":[1,0],"1":[1]},"meta":{"lastBranch":2,"lastFunction":3,"lastStatement":3,"seen":{"f:3:16:3:22":0,"s:4:1:4:Infinity":0,"f:7:16:7:28":1,"s:8:1:8:Infinity":1,"b:8:8:8:46:8:46:8:Infinity":0,"f:11:16:11:29":2,"b:11:53:11:68":1,"s:12:1:15:Infinity":2},"fnNames":{}}}
,"/home/midory/rpl-ai-curriculum/lms/src/lib/server/email.ts": {"path":"/home/midory/rpl-ai-curriculum/lms/src/lib/server/email.ts","statementMap":{"0":{"start":{"line":7,"column":19},"end":{"line":7,"column":null}},"1":{"start":{"line":8,"column":18},"end":{"line":8,"column":null}},"2":{"start":{"line":11,"column":1},"end":{"line":11,"column":null}},"3":{"start":{"line":11,"column":17},"end":{"line":11,"column":null}},"4":{"start":{"line":12,"column":1},"end":{"line":27,"column":null}},"5":{"start":{"line":13,"column":14},"end":{"line":22,"column":null}},"6":{"start":{"line":23,"column":2},"end":{"line":23,"column":null}},"7":{"start":{"line":25,"column":2},"end":{"line":25,"column":null}},"8":{"start":{"line":26,"column":2},"end":{"line":26,"column":null}},"9":{"start":{"line":31,"column":1},"end":{"line":39,"column":null}},"10":{"start":{"line":43,"column":1},"end":{"line":51,"column":null}}},"fnMap":{"0":{"name":"sendEmail","decl":{"start":{"line":10,"column":22},"end":{"line":10,"column":32}},"loc":{"start":{"line":10,"column":100},"end":{"line":28,"column":null}},"line":10},"1":{"name":"send2FAEnabledEmail","decl":{"start":{"line":30,"column":22},"end":{"line":30,"column":42}},"loc":{"start":{"line":30,"column":72},"end":{"line":40,"column":null}},"line":30},"2":{"name":"send2FADisabledEmail","decl":{"start":{"line":42,"column":22},"end":{"line":42,"column":43}},"loc":{"start":{"line":42,"column":73},"end":{"line":52,"column":null}},"line":42}},"branchMap":{"0":{"loc":{"start":{"line":11,"column":1},"end":{"line":11,"column":null}},"type":"if","locations":[{"start":{"line":11,"column":1},"end":{"line":11,"column":null}},{"start":{},"end":{}}],"line":11}},"s":{"0":0,"1":0,"2":0,"3":0,"4":0,"5":0,"6":0,"7":0,"8":0,"9":0,"10":0},"f":{"0":0,"1":0,"2":0},"b":{"0":[0,0]},"meta":{"lastBranch":1,"lastFunction":3,"lastStatement":11,"seen":{"s:7:19:7:Infinity":0,"s:8:18:8:Infinity":1,"f:10:22:10:32":0,"b:11:1:11:Infinity:undefined:undefined:undefined:undefined":0,"s:11:1:11:Infinity":2,"s:11:17:11:Infinity":3,"s:12:1:27:Infinity":4,"s:13:14:22:Infinity":5,"s:23:2:23:Infinity":6,"s:25:2:25:Infinity":7,"s:26:2:26:Infinity":8,"f:30:22:30:42":1,"s:31:1:39:Infinity":9,"f:42:22:42:43":2,"s:43:1:51:Infinity":10},"fnNames":{}}}
,"/home/midory/rpl-ai-curriculum/lms/src/lib/server/error-logger.ts": {"path":"/home/midory/rpl-ai-curriculum/lms/src/lib/server/error-logger.ts","statementMap":{"0":{"start":{"line":24,"column":1},"end":{"line":24,"column":null}},"1":{"start":{"line":24,"column":25},"end":{"line":24,"column":null}},"2":{"start":{"line":25,"column":1},"end":{"line":48,"column":null}},"3":{"start":{"line":26,"column":13},"end":{"line":26,"column":null}},"4":{"start":{"line":27,"column":2},"end":{"line":45,"column":null}}},"fnMap":{"0":{"name":"logError","decl":{"start":{"line":20,"column":22},"end":{"line":20,"column":null}},"loc":{"start":{"line":23,"column":17},"end":{"line":49,"column":null}},"line":23}},"branchMap":{"0":{"loc":{"start":{"line":24,"column":1},"end":{"line":24,"column":null}},"type":"if","locations":[{"start":{"line":24,"column":1},"end":{"line":24,"column":null}},{"start":{},"end":{}}],"line":24},"1":{"loc":{"start":{"line":36,"column":4},"end":{"line":36,"column":null}},"type":"binary-expr","locations":[{"start":{"line":36,"column":4},"end":{"line":36,"column":19}},{"start":{"line":36,"column":19},"end":{"line":36,"column":null}}],"line":36},"2":{"loc":{"start":{"line":37,"column":4},"end":{"line":37,"column":null}},"type":"binary-expr","locations":[{"start":{"line":37,"column":4},"end":{"line":37,"column":17}},{"start":{"line":37,"column":17},"end":{"line":37,"column":null}}],"line":37},"3":{"loc":{"start":{"line":38,"column":4},"end":{"line":38,"column":null}},"type":"binary-expr","locations":[{"start":{"line":38,"column":4},"end":{"line":38,"column":20}},{"start":{"line":38,"column":20},"end":{"line":38,"column":null}}],"line":38},"4":{"loc":{"start":{"line":39,"column":4},"end":{"line":39,"column":null}},"type":"binary-expr","locations":[{"start":{"line":39,"column":4},"end":{"line":39,"column":20}},{"start":{"line":39,"column":20},"end":{"line":39,"column":null}}],"line":39},"5":{"loc":{"start":{"line":40,"column":4},"end":{"line":40,"column":null}},"type":"binary-expr","locations":[{"start":{"line":40,"column":4},"end":{"line":40,"column":23}},{"start":{"line":40,"column":23},"end":{"line":40,"column":null}}],"line":40},"6":{"loc":{"start":{"line":41,"column":4},"end":{"line":41,"column":null}},"type":"binary-expr","locations":[{"start":{"line":41,"column":4},"end":{"line":41,"column":23}},{"start":{"line":41,"column":23},"end":{"line":41,"column":null}}],"line":41},"7":{"loc":{"start":{"line":42,"column":4},"end":{"line":42,"column":null}},"type":"binary-expr","locations":[{"start":{"line":42,"column":4},"end":{"line":42,"column":22}},{"start":{"line":42,"column":22},"end":{"line":42,"column":null}}],"line":42},"8":{"loc":{"start":{"line":43,"column":4},"end":{"line":43,"column":null}},"type":"cond-expr","locations":[{"start":{"line":43,"column":21},"end":{"line":43,"column":54}},{"start":{"line":43,"column":54},"end":{"line":43,"column":null}}],"line":43}},"s":{"0":0,"1":0,"2":0,"3":0,"4":0},"f":{"0":0},"b":{"0":[0,0],"1":[0,0],"2":[0,0],"3":[0,0],"4":[0,0],"5":[0,0],"6":[0,0],"7":[0,0],"8":[0,0]},"meta":{"lastBranch":9,"lastFunction":1,"lastStatement":5,"seen":{"f:20:22:20:Infinity":0,"b:24:1:24:Infinity:undefined:undefined:undefined:undefined":0,"s:24:1:24:Infinity":0,"s:24:25:24:Infinity":1,"s:25:1:48:Infinity":2,"s:26:13:26:Infinity":3,"s:27:2:45:Infinity":4,"b:36:4:36:19:36:19:36:Infinity":1,"b:37:4:37:17:37:17:37:Infinity":2,"b:38:4:38:20:38:20:38:Infinity":3,"b:39:4:39:20:39:20:39:Infinity":4,"b:40:4:40:23:40:23:40:Infinity":5,"b:41:4:41:23:41:23:41:Infinity":6,"b:42:4:42:22:42:22:42:Infinity":7,"b:43:21:43:54:43:54:43:Infinity":8},"fnNames":{}}}
,"/home/midory/rpl-ai-curriculum/lms/src/lib/server/midtrans.ts": {"path":"/home/midory/rpl-ai-curriculum/lms/src/lib/server/midtrans.ts","statementMap":{"0":{"start":{"line":46,"column":16},"end":{"line":46,"column":null}},"1":{"start":{"line":47,"column":1},"end":{"line":49,"column":null}},"2":{"start":{"line":56,"column":13},"end":{"line":56,"column":null}},"3":{"start":{"line":57,"column":1},"end":{"line":57,"column":null}},"4":{"start":{"line":57,"column":11},"end":{"line":57,"column":null}},"5":{"start":{"line":58,"column":1},"end":{"line":58,"column":null}},"6":{"start":{"line":65,"column":1},"end":{"line":65,"column":null}},"7":{"start":{"line":79,"column":19},"end":{"line":79,"column":null}},"8":{"start":{"line":80,"column":17},"end":{"line":80,"column":null}},"9":{"start":{"line":82,"column":27},"end":{"line":88,"column":null}},"10":{"start":{"line":90,"column":1},"end":{"line":92,"column":null}},"11":{"start":{"line":91,"column":2},"end":{"line":91,"column":null}},"12":{"start":{"line":94,"column":1},"end":{"line":101,"column":null}},"13":{"start":{"line":95,"column":2},"end":{"line":100,"column":null}},"14":{"start":{"line":95,"column":43},"end":{"line":100,"column":4}},"15":{"start":{"line":103,"column":13},"end":{"line":111,"column":null}},"16":{"start":{"line":113,"column":28},"end":{"line":113,"column":null}},"17":{"start":{"line":115,"column":1},"end":{"line":118,"column":null}},"18":{"start":{"line":116,"column":14},"end":{"line":116,"column":null}},"19":{"start":{"line":117,"column":2},"end":{"line":117,"column":null}},"20":{"start":{"line":120,"column":1},"end":{"line":124,"column":null}},"21":{"start":{"line":138,"column":19},"end":{"line":138,"column":null}},"22":{"start":{"line":139,"column":14},"end":{"line":141,"column":null}},"23":{"start":{"line":146,"column":1},"end":{"line":146,"column":null}},"24":{"start":{"line":153,"column":1},"end":{"line":153,"column":null}}},"fnMap":{"0":{"name":"getBaseUrl","decl":{"start":{"line":45,"column":9},"end":{"line":45,"column":20}},"loc":{"start":{"line":45,"column":52},"end":{"line":50,"column":null}},"line":45},"1":{"name":"getServerKey","decl":{"start":{"line":55,"column":9},"end":{"line":55,"column":22}},"loc":{"start":{"line":55,"column":54},"end":{"line":59,"column":null}},"line":55},"2":{"name":"getClientKey","decl":{"start":{"line":64,"column":16},"end":{"line":64,"column":29}},"loc":{"start":{"line":64,"column":61},"end":{"line":66,"column":null}},"line":64},"3":{"name":"createSnapTransaction","decl":{"start":{"line":72,"column":22},"end":{"line":72,"column":null}},"loc":{"start":{"line":78,"column":77},"end":{"line":125,"column":null}},"line":78},"4":{"name":"(anonymous_4)","decl":{"start":{"line":95,"column":28},"end":{"line":95,"column":33}},"loc":{"start":{"line":95,"column":43},"end":{"line":100,"column":4}},"line":95},"5":{"name":"verifySignature","decl":{"start":{"line":131,"column":16},"end":{"line":131,"column":null}},"loc":{"start":{"line":137,"column":11},"end":{"line":147,"column":null}},"line":137},"6":{"name":"formatAmount","decl":{"start":{"line":152,"column":16},"end":{"line":152,"column":29}},"loc":{"start":{"line":152,"column":53},"end":{"line":154,"column":null}},"line":152}},"branchMap":{"0":{"loc":{"start":{"line":47,"column":8},"end":{"line":49,"column":null}},"type":"cond-expr","locations":[{"start":{"line":48,"column":4},"end":{"line":48,"column":null}},{"start":{"line":49,"column":4},"end":{"line":49,"column":null}}],"line":47},"1":{"loc":{"start":{"line":57,"column":1},"end":{"line":57,"column":null}},"type":"if","locations":[{"start":{"line":57,"column":1},"end":{"line":57,"column":null}},{"start":{},"end":{}}],"line":57},"2":{"loc":{"start":{"line":65,"column":8},"end":{"line":65,"column":null}},"type":"binary-expr","locations":[{"start":{"line":65,"column":8},"end":{"line":65,"column":44}},{"start":{"line":65,"column":44},"end":{"line":65,"column":null}}],"line":65},"3":{"loc":{"start":{"line":90,"column":1},"end":{"line":92,"column":null}},"type":"if","locations":[{"start":{"line":90,"column":1},"end":{"line":92,"column":null}},{"start":{},"end":{}}],"line":90},"4":{"loc":{"start":{"line":94,"column":1},"end":{"line":101,"column":null}},"type":"if","locations":[{"start":{"line":94,"column":1},"end":{"line":101,"column":null}},{"start":{},"end":{}}],"line":94},"5":{"loc":{"start":{"line":94,"column":5},"end":{"line":94,"column":32}},"type":"binary-expr","locations":[{"start":{"line":94,"column":5},"end":{"line":94,"column":14}},{"start":{"line":94,"column":14},"end":{"line":94,"column":32}}],"line":94},"6":{"loc":{"start":{"line":115,"column":1},"end":{"line":118,"column":null}},"type":"if","locations":[{"start":{"line":115,"column":1},"end":{"line":118,"column":null}},{"start":{},"end":{}}],"line":115},"7":{"loc":{"start":{"line":115,"column":5},"end":{"line":115,"column":76}},"type":"binary-expr","locations":[{"start":{"line":115,"column":5},"end":{"line":115,"column":17}},{"start":{"line":115,"column":17},"end":{"line":115,"column":47}},{"start":{"line":115,"column":47},"end":{"line":115,"column":76}}],"line":115},"8":{"loc":{"start":{"line":116,"column":14},"end":{"line":116,"column":null}},"type":"binary-expr","locations":[{"start":{"line":116,"column":14},"end":{"line":116,"column":37}},{"start":{"line":116,"column":37},"end":{"line":116,"column":null}}],"line":116},"9":{"loc":{"start":{"line":139,"column":14},"end":{"line":141,"column":null}},"type":"cond-expr","locations":[{"start":{"line":140,"column":4},"end":{"line":140,"column":null}},{"start":{"line":141,"column":4},"end":{"line":141,"column":null}}],"line":139}},"s":{"0":0,"1":0,"2":0,"3":0,"4":0,"5":0,"6":0,"7":0,"8":0,"9":0,"10":0,"11":0,"12":0,"13":0,"14":0,"15":0,"16":0,"17":0,"18":0,"19":0,"20":0,"21":0,"22":0,"23":0,"24":0},"f":{"0":0,"1":0,"2":0,"3":0,"4":0,"5":0,"6":0},"b":{"0":[0,0],"1":[0,0],"2":[0,0],"3":[0,0],"4":[0,0],"5":[0,0],"6":[0,0],"7":[0,0,0],"8":[0,0],"9":[0,0]},"meta":{"lastBranch":10,"lastFunction":7,"lastStatement":25,"seen":{"f:45:9:45:20":0,"s:46:16:46:Infinity":0,"s:47:1:49:Infinity":1,"b:48:4:48:Infinity:49:4:49:Infinity":0,"f:55:9:55:22":1,"s:56:13:56:Infinity":2,"b:57:1:57:Infinity:undefined:undefined:undefined:undefined":1,"s:57:1:57:Infinity":3,"s:57:11:57:Infinity":4,"s:58:1:58:Infinity":5,"f:64:16:64:29":2,"s:65:1:65:Infinity":6,"b:65:8:65:44:65:44:65:Infinity":2,"f:72:22:72:Infinity":3,"s:79:19:79:Infinity":7,"s:80:17:80:Infinity":8,"s:82:27:88:Infinity":9,"b:90:1:92:Infinity:undefined:undefined:undefined:undefined":3,"s:90:1:92:Infinity":10,"s:91:2:91:Infinity":11,"b:94:1:101:Infinity:undefined:undefined:undefined:undefined":4,"s:94:1:101:Infinity":12,"b:94:5:94:14:94:14:94:32":5,"s:95:2:100:Infinity":13,"f:95:28:95:33":4,"s:95:43:100:4":14,"s:103:13:111:Infinity":15,"s:113:28:113:Infinity":16,"b:115:1:118:Infinity:undefined:undefined:undefined:undefined":6,"s:115:1:118:Infinity":17,"b:115:5:115:17:115:17:115:47:115:47:115:76":7,"s:116:14:116:Infinity":18,"b:116:14:116:37:116:37:116:Infinity":8,"s:117:2:117:Infinity":19,"s:120:1:124:Infinity":20,"f:131:16:131:Infinity":5,"s:138:19:138:Infinity":21,"s:139:14:141:Infinity":22,"b:140:4:140:Infinity:141:4:141:Infinity":9,"s:146:1:146:Infinity":23,"f:152:16:152:29":6,"s:153:1:153:Infinity":24},"fnNames":{}}}
,"/home/midory/rpl-ai-curriculum/lms/src/lib/server/pagination.ts": {"path":"/home/midory/rpl-ai-curriculum/lms/src/lib/server/pagination.ts","statementMap":{"0":{"start":{"line":9,"column":17},"end":{"line":9,"column":null}},"1":{"start":{"line":10,"column":18},"end":{"line":10,"column":null}},"2":{"start":{"line":12,"column":14},"end":{"line":12,"column":null}},"3":{"start":{"line":13,"column":16},"end":{"line":13,"column":null}},"4":{"start":{"line":14,"column":16},"end":{"line":14,"column":null}},"5":{"start":{"line":15,"column":16},"end":{"line":15,"column":null}},"6":{"start":{"line":16,"column":1},"end":{"line":16,"column":null}},"7":{"start":{"line":25,"column":1},"end":{"line":25,"column":null}},"8":{"start":{"line":25,"column":44},"end":{"line":25,"column":null}},"9":{"start":{"line":26,"column":11},"end":{"line":26,"column":null}},"10":{"start":{"line":27,"column":20},"end":{"line":27,"column":null}},"11":{"start":{"line":27,"column":45},"end":{"line":27,"column":64}},"12":{"start":{"line":28,"column":1},"end":{"line":28,"column":null}},"13":{"start":{"line":28,"column":29},"end":{"line":28,"column":55}},"14":{"start":{"line":29,"column":1},"end":{"line":29,"column":null}},"15":{"start":{"line":47,"column":21},"end":{"line":47,"column":null}},"16":{"start":{"line":48,"column":15},"end":{"line":48,"column":null}},"17":{"start":{"line":51,"column":1},"end":{"line":54,"column":null}},"18":{"start":{"line":52,"column":15},"end":{"line":52,"column":null}},"19":{"start":{"line":53,"column":2},"end":{"line":53,"column":null}},"20":{"start":{"line":56,"column":13},"end":{"line":56,"column":null}},"21":{"start":{"line":57,"column":14},"end":{"line":57,"column":null}},"22":{"start":{"line":59,"column":1},"end":{"line":65,"column":null}}},"fnMap":{"0":{"name":"getPaginationParams","decl":{"start":{"line":8,"column":16},"end":{"line":8,"column":36}},"loc":{"start":{"line":8,"column":64},"end":{"line":17,"column":null}},"line":8},"1":{"name":"buildSearchCondition","decl":{"start":{"line":19,"column":16},"end":{"line":19,"column":null}},"loc":{"start":{"line":24,"column":10},"end":{"line":30,"column":null}},"line":24},"2":{"name":"(anonymous_2)","decl":{"start":{"line":27,"column":34},"end":{"line":27,"column":38}},"loc":{"start":{"line":27,"column":45},"end":{"line":27,"column":64}},"line":27},"3":{"name":"(anonymous_3)","decl":{"start":{"line":28,"column":15},"end":{"line":28,"column":29}},"loc":{"start":{"line":28,"column":29},"end":{"line":28,"column":55}},"line":28},"4":{"name":"paginatedQuery","decl":{"start":{"line":40,"column":22},"end":{"line":40,"column":null}},"loc":{"start":{"line":46,"column":31},"end":{"line":66,"column":null}},"line":46}},"branchMap":{"0":{"loc":{"start":{"line":9,"column":26},"end":{"line":9,"column":61}},"type":"binary-expr","locations":[{"start":{"line":9,"column":26},"end":{"line":9,"column":58}},{"start":{"line":9,"column":58},"end":{"line":9,"column":61}}],"line":9},"1":{"loc":{"start":{"line":10,"column":27},"end":{"line":10,"column":64}},"type":"binary-expr","locations":[{"start":{"line":10,"column":27},"end":{"line":10,"column":60}},{"start":{"line":10,"column":60},"end":{"line":10,"column":64}}],"line":10},"2":{"loc":{"start":{"line":12,"column":14},"end":{"line":12,"column":null}},"type":"cond-expr","locations":[{"start":{"line":12,"column":28},"end":{"line":12,"column":32}},{"start":{"line":12,"column":32},"end":{"line":12,"column":null}}],"line":12},"3":{"loc":{"start":{"line":13,"column":16},"end":{"line":13,"column":null}},"type":"cond-expr","locations":[{"start":{"line":13,"column":51},"end":{"line":13,"column":55}},{"start":{"line":13,"column":55},"end":{"line":13,"column":null}}],"line":13},"4":{"loc":{"start":{"line":13,"column":16},"end":{"line":13,"column":51}},"type":"binary-expr","locations":[{"start":{"line":13,"column":16},"end":{"line":13,"column":34}},{"start":{"line":13,"column":34},"end":{"line":13,"column":51}}],"line":13},"5":{"loc":{"start":{"line":14,"column":16},"end":{"line":14,"column":null}},"type":"binary-expr","locations":[{"start":{"line":14,"column":16},"end":{"line":14,"column":50}},{"start":{"line":14,"column":50},"end":{"line":14,"column":null}}],"line":14},"6":{"loc":{"start":{"line":15,"column":16},"end":{"line":15,"column":null}},"type":"cond-expr","locations":[{"start":{"line":15,"column":23},"end":{"line":15,"column":48}},{"start":{"line":15,"column":48},"end":{"line":15,"column":null}}],"line":15},"7":{"loc":{"start":{"line":25,"column":1},"end":{"line":25,"column":null}},"type":"if","locations":[{"start":{"line":25,"column":1},"end":{"line":25,"column":null}},{"start":{},"end":{}}],"line":25},"8":{"loc":{"start":{"line":25,"column":5},"end":{"line":25,"column":44}},"type":"binary-expr","locations":[{"start":{"line":25,"column":5},"end":{"line":25,"column":16}},{"start":{"line":25,"column":16},"end":{"line":25,"column":44}}],"line":25},"9":{"loc":{"start":{"line":26,"column":11},"end":{"line":26,"column":null}},"type":"cond-expr","locations":[{"start":{"line":26,"column":20},"end":{"line":26,"column":35}},{"start":{"line":26,"column":35},"end":{"line":26,"column":null}}],"line":26},"10":{"loc":{"start":{"line":48,"column":15},"end":{"line":48,"column":null}},"type":"binary-expr","locations":[{"start":{"line":48,"column":15},"end":{"line":48,"column":37}},{"start":{"line":48,"column":37},"end":{"line":48,"column":null}}],"line":48},"11":{"loc":{"start":{"line":51,"column":1},"end":{"line":54,"column":null}},"type":"if","locations":[{"start":{"line":51,"column":1},"end":{"line":54,"column":null}},{"start":{},"end":{}}],"line":51},"12":{"loc":{"start":{"line":51,"column":5},"end":{"line":51,"column":54}},"type":"binary-expr","locations":[{"start":{"line":51,"column":5},"end":{"line":51,"column":30}},{"start":{"line":51,"column":30},"end":{"line":51,"column":54}}],"line":51},"13":{"loc":{"start":{"line":53,"column":17},"end":{"line":53,"column":37}},"type":"binary-expr","locations":[{"start":{"line":53,"column":17},"end":{"line":53,"column":33}},{"start":{"line":53,"column":33},"end":{"line":53,"column":37}}],"line":53},"14":{"loc":{"start":{"line":60,"column":8},"end":{"line":60,"column":null}},"type":"binary-expr","locations":[{"start":{"line":60,"column":8},"end":{"line":60,"column":24}},{"start":{"line":60,"column":24},"end":{"line":60,"column":null}}],"line":60}},"s":{"0":0,"1":0,"2":0,"3":0,"4":0,"5":0,"6":0,"7":0,"8":0,"9":0,"10":0,"11":0,"12":0,"13":0,"14":0,"15":0,"16":0,"17":0,"18":0,"19":0,"20":0,"21":0,"22":0},"f":{"0":0,"1":0,"2":0,"3":0,"4":0},"b":{"0":[0,0],"1":[0,0],"2":[0,0],"3":[0,0],"4":[0,0],"5":[0,0],"6":[0,0],"7":[0,0],"8":[0,0],"9":[0,0],"10":[0,0],"11":[0,0],"12":[0,0],"13":[0,0],"14":[0,0]},"meta":{"lastBranch":15,"lastFunction":5,"lastStatement":23,"seen":{"f:8:16:8:36":0,"s:9:17:9:Infinity":0,"b:9:26:9:58:9:58:9:61":0,"s:10:18:10:Infinity":1,"b:10:27:10:60:10:60:10:64":1,"s:12:14:12:Infinity":2,"b:12:28:12:32:12:32:12:Infinity":2,"s:13:16:13:Infinity":3,"b:13:51:13:55:13:55:13:Infinity":3,"b:13:16:13:34:13:34:13:51":4,"s:14:16:14:Infinity":4,"b:14:16:14:50:14:50:14:Infinity":5,"s:15:16:15:Infinity":5,"b:15:23:15:48:15:48:15:Infinity":6,"s:16:1:16:Infinity":6,"f:19:16:19:Infinity":1,"b:25:1:25:Infinity:undefined:undefined:undefined:undefined":7,"s:25:1:25:Infinity":7,"b:25:5:25:16:25:16:25:44":8,"s:25:44:25:Infinity":8,"s:26:11:26:Infinity":9,"b:26:20:26:35:26:35:26:Infinity":9,"s:27:20:27:Infinity":10,"f:27:34:27:38":2,"s:27:45:27:64":11,"s:28:1:28:Infinity":12,"f:28:15:28:29":3,"s:28:29:28:55":13,"s:29:1:29:Infinity":14,"f:40:22:40:Infinity":4,"s:47:21:47:Infinity":15,"s:48:15:48:Infinity":16,"b:48:15:48:37:48:37:48:Infinity":10,"b:51:1:54:Infinity:undefined:undefined:undefined:undefined":11,"s:51:1:54:Infinity":17,"b:51:5:51:30:51:30:51:54":12,"s:52:15:52:Infinity":18,"s:53:2:53:Infinity":19,"b:53:17:53:33:53:33:53:37":13,"s:56:13:56:Infinity":20,"s:57:14:57:Infinity":21,"s:59:1:65:Infinity":22,"b:60:8:60:24:60:24:60:Infinity":14},"fnNames":{}}}
,"/home/midory/rpl-ai-curriculum/lms/src/lib/server/r2.ts": {"path":"/home/midory/rpl-ai-curriculum/lms/src/lib/server/r2.ts","statementMap":{"0":{"start":{"line":12,"column":1},"end":{"line":14,"column":null}},"1":{"start":{"line":24,"column":1},"end":{"line":24,"column":null}},"2":{"start":{"line":34,"column":1},"end":{"line":34,"column":null}},"3":{"start":{"line":44,"column":1},"end":{"line":44,"column":null}},"4":{"start":{"line":51,"column":1},"end":{"line":51,"column":null}}},"fnMap":{"0":{"name":"putFile","decl":{"start":{"line":6,"column":22},"end":{"line":6,"column":null}},"loc":{"start":{"line":11,"column":21},"end":{"line":15,"column":null}},"line":11},"1":{"name":"getFile","decl":{"start":{"line":20,"column":22},"end":{"line":20,"column":null}},"loc":{"start":{"line":23,"column":28},"end":{"line":25,"column":null}},"line":23},"2":{"name":"deleteFile","decl":{"start":{"line":30,"column":22},"end":{"line":30,"column":null}},"loc":{"start":{"line":33,"column":17},"end":{"line":35,"column":null}},"line":33},"3":{"name":"listFiles","decl":{"start":{"line":40,"column":22},"end":{"line":40,"column":null}},"loc":{"start":{"line":43,"column":22},"end":{"line":45,"column":null}},"line":43},"4":{"name":"getPublicUrl","decl":{"start":{"line":50,"column":16},"end":{"line":50,"column":29}},"loc":{"start":{"line":50,"column":50},"end":{"line":52,"column":null}},"line":50}},"branchMap":{"0":{"loc":{"start":{"line":44,"column":40},"end":{"line":44,"column":118}},"type":"cond-expr","locations":[{"start":{"line":44,"column":49},"end":{"line":44,"column":89}},{"start":{"line":44,"column":89},"end":{"line":44,"column":118}}],"line":44}},"s":{"0":0,"1":0,"2":0,"3":0,"4":0},"f":{"0":0,"1":0,"2":0,"3":0,"4":0},"b":{"0":[0,0]},"meta":{"lastBranch":1,"lastFunction":5,"lastStatement":5,"seen":{"f:6:22:6:Infinity":0,"s:12:1:14:Infinity":0,"f:20:22:20:Infinity":1,"s:24:1:24:Infinity":1,"f:30:22:30:Infinity":2,"s:34:1:34:Infinity":2,"f:40:22:40:Infinity":3,"s:44:1:44:Infinity":3,"b:44:49:44:89:44:89:44:118":0,"f:50:16:50:29":4,"s:51:1:51:Infinity":4},"fnNames":{}}}
,"/home/midory/rpl-ai-curriculum/lms/src/lib/server/rate-limit.ts": {"path":"/home/midory/rpl-ai-curriculum/lms/src/lib/server/rate-limit.ts","statementMap":{"0":{"start":{"line":19,"column":18},"end":{"line":19,"column":null}},"1":{"start":{"line":20,"column":21},"end":{"line":20,"column":null}},"2":{"start":{"line":21,"column":30},"end":{"line":21,"column":null}},"3":{"start":{"line":23,"column":13},"end":{"line":23,"column":null}},"4":{"start":{"line":24,"column":18},"end":{"line":24,"column":null}},"5":{"start":{"line":27,"column":13},"end":{"line":27,"column":null}},"6":{"start":{"line":29,"column":1},"end":{"line":29,"column":null}},"7":{"start":{"line":29,"column":33},"end":{"line":29,"column":null}},"8":{"start":{"line":30,"column":1},"end":{"line":30,"column":null}},"9":{"start":{"line":31,"column":1},"end":{"line":35,"column":null}},"10":{"start":{"line":32,"column":2},"end":{"line":34,"column":null}},"11":{"start":{"line":33,"column":3},"end":{"line":33,"column":null}},"12":{"start":{"line":43,"column":1},"end":{"line":43,"column":null}},"13":{"start":{"line":45,"column":13},"end":{"line":45,"column":null}},"14":{"start":{"line":46,"column":15},"end":{"line":46,"column":null}},"15":{"start":{"line":48,"column":1},"end":{"line":52,"column":null}},"16":{"start":{"line":50,"column":2},"end":{"line":50,"column":null}},"17":{"start":{"line":51,"column":2},"end":{"line":51,"column":null}},"18":{"start":{"line":54,"column":1},"end":{"line":54,"column":null}},"19":{"start":{"line":56,"column":1},"end":{"line":60,"column":null}},"20":{"start":{"line":57,"column":18},"end":{"line":57,"column":null}},"21":{"start":{"line":58,"column":21},"end":{"line":58,"column":null}},"22":{"start":{"line":59,"column":2},"end":{"line":59,"column":null}},"23":{"start":{"line":62,"column":1},"end":{"line":62,"column":null}},"24":{"start":{"line":70,"column":12},"end":{"line":70,"column":null}},"25":{"start":{"line":71,"column":1},"end":{"line":71,"column":null}},"26":{"start":{"line":71,"column":9},"end":{"line":71,"column":null}},"27":{"start":{"line":72,"column":13},"end":{"line":72,"column":null}},"28":{"start":{"line":73,"column":1},"end":{"line":73,"column":null}},"29":{"start":{"line":73,"column":10},"end":{"line":73,"column":null}},"30":{"start":{"line":74,"column":1},"end":{"line":74,"column":null}},"31":{"start":{"line":81,"column":1},"end":{"line":91,"column":null}},"32":{"start":{"line":102,"column":1},"end":{"line":111,"column":null}},"33":{"start":{"line":103,"column":13},"end":{"line":103,"column":null}},"34":{"start":{"line":104,"column":17},"end":{"line":104,"column":null}},"35":{"start":{"line":105,"column":16},"end":{"line":105,"column":null}},"36":{"start":{"line":106,"column":17},"end":{"line":106,"column":null}},"37":{"start":{"line":107,"column":2},"end":{"line":109,"column":null}},"38":{"start":{"line":108,"column":3},"end":{"line":108,"column":null}},"39":{"start":{"line":110,"column":2},"end":{"line":110,"column":null}}},"fnMap":{"0":{"name":"cleanup","decl":{"start":{"line":26,"column":9},"end":{"line":26,"column":25}},"loc":{"start":{"line":26,"column":25},"end":{"line":36,"column":null}},"line":26},"1":{"name":"rateLimit","decl":{"start":{"line":42,"column":16},"end":{"line":42,"column":26}},"loc":{"start":{"line":42,"column":91},"end":{"line":63,"column":null}},"line":42},"2":{"name":"getClientIp","decl":{"start":{"line":69,"column":16},"end":{"line":69,"column":28}},"loc":{"start":{"line":69,"column":54},"end":{"line":75,"column":null}},"line":69},"3":{"name":"rateLimitResponse","decl":{"start":{"line":80,"column":16},"end":{"line":80,"column":34}},"loc":{"start":{"line":80,"column":64},"end":{"line":92,"column":null}},"line":80},"4":{"name":"withRateLimit","decl":{"start":{"line":98,"column":16},"end":{"line":98,"column":null}},"loc":{"start":{"line":101,"column":63},"end":{"line":112,"column":null}},"line":101},"5":{"name":"(anonymous_5)","decl":{"start":{"line":102,"column":8},"end":{"line":102,"column":15}},"loc":{"start":{"line":102,"column":36},"end":{"line":111,"column":null}},"line":102}},"branchMap":{"0":{"loc":{"start":{"line":29,"column":1},"end":{"line":29,"column":null}},"type":"if","locations":[{"start":{"line":29,"column":1},"end":{"line":29,"column":null}},{"start":{},"end":{}}],"line":29},"1":{"loc":{"start":{"line":32,"column":2},"end":{"line":34,"column":null}},"type":"if","locations":[{"start":{"line":32,"column":2},"end":{"line":34,"column":null}},{"start":{},"end":{}
[...]
,"/home/midory/rpl-ai-curriculum/lms/src/lib/stores/case-studies.ts": {"path":"/home/midory/rpl-ai-curriculum/lms/src/lib/stores/case-studies.ts","statementMap":{"0":{"start":{"line":11,"column":40},"end":{"line":57,"column":null}},"1":{"start":{"line":60,"column":2},"end":{"line":60,"column":null}},"2":{"start":{"line":60,"column":34},"end":{"line":60,"column":50}},"3":{"start":{"line":64,"column":2},"end":{"line":64,"column":null}},"4":{"start":{"line":64,"column":34},"end":{"line":64,"column":62}}},"fnMap":{"0":{"name":"getCaseStudyBySlug","decl":{"start":{"line":59,"column":16},"end":{"line":59,"column":35}},"loc":{"start":{"line":59,"column":72},"end":{"line":61,"column":null}},"line":59},"1":{"name":"(anonymous_1)","decl":{"start":{"line":60,"column":21},"end":{"line":60,"column":27}},"loc":{"start":{"line":60,"column":34},"end":{"line":60,"column":50}},"line":60},"2":{"name":"getCaseStudyByModule","decl":{"start":{"line":63,"column":16},"end":{"line":63,"column":37}},"loc":{"start":{"line":63,"column":80},"end":{"line":65,"column":null}},"line":63},"3":{"name":"(anonymous_3)","decl":{"start":{"line":64,"column":21},"end":{"line":64,"column":27}},"loc":{"start":{"line":64,"column":34},"end":{"line":64,"column":62}},"line":64}},"branchMap":{},"s":{"0":0,"1":0,"2":0,"3":0,"4":0},"f":{"0":0,"1":0,"2":0,"3":0},"b":{},"meta":{"lastBranch":0,"lastFunction":4,"lastStatement":5,"seen":{"s:11:40:57:Infinity":0,"f:59:16:59:35":0,"s:60:2:60:Infinity":1,"f:60:21:60:27":1,"s:60:34:60:50":2,"f:63:16:63:37":2,"s:64:2:64:Infinity":3,"f:64:21:64:27":3,"s:64:34:64:62":4},"fnNames":{}}}
,"/home/midory/rpl-ai-curriculum/lms/src/lib/stores/i18n.ts": {"path":"/home/midory/rpl-ai-curriculum/lms/src/lib/stores/i18n.ts","statementMap":{"0":{"start":{"line":3,"column":59},"end":{"line":196,"column":null}},"1":{"start":{"line":198,"column":24},"end":{"line":198,"column":null}},"2":{"start":{"line":200,"column":0},"end":{"line":209,"column":null}},"3":{"start":{"line":201,"column":2},"end":{"line":208,"column":null}},"4":{"start":{"line":202,"column":18},"end":{"line":202,"column":null}},"5":{"start":{"line":203,"column":4},"end":{"line":205,"column":null}},"6":{"start":{"line":204,"column":6},"end":{"line":204,"column":null}},"7":{"start":{"line":212,"column":2},"end":{"line":212,"column":null}},"8":{"start":{"line":216,"column":2},"end":{"line":216,"column":null}},"9":{"start":{"line":217,"column":2},"end":{"line":223,"column":null}},"10":{"start":{"line":218,"column":4},"end":{"line":222,"column":null}},"11":{"start":{"line":219,"column":6},"end":{"line":219,"column":null}},"12":{"start":{"line":227,"column":2},"end":{"line":227,"column":null}},"13":{"start":{"line":231,"column":2},"end":{"line":231,"column":null}}},"fnMap":{"0":{"name":"getLang","decl":{"start":{"line":211,"column":16},"end":{"line":211,"column":32}},"loc":{"start":{"line":211,"column":32},"end":{"line":213,"column":null}},"line":211},"1":{"name":"setLang","decl":{"start":{"line":215,"column":16},"end":{"line":215,"column":24}},"loc":{"start":{"line":215,"column":33},"end":{"line":224,"column":null}},"line":215},"2":{"name":"toggleLang","decl":{"start":{"line":226,"column":16},"end":{"line":226,"column":29}},"loc":{"start":{"line":226,"column":29},"end":{"line":228,"column":null}},"line":226},"3":{"name":"t","decl":{"start":{"line":230,"column":16},"end":{"line":230,"column":18}},"loc":{"start":{"line":230,"column":39},"end":{"line":232,"column":null}},"line":230}},"branchMap":{"0":{"loc":{"start":{"line":200,"column":0},"end":{"line":209,"column":null}},"type":"if","locations":[{"start":{"line":200,"column":0},"end":{"line":209,"column":null}},{"start":{},"end":{}}],"line":200},"1":{"loc":{"start":{"line":203,"column":4},"end":{"line":205,"column":null}},"type":"if","locations":[{"start":{"line":203,"column":4},"end":{"line":205,"column":null}},{"start":{},"end":{}}],"line":203},"2":{"loc":{"start":{"line":203,"column":8},"end":{"line":203,"column":42}},"type":"binary-expr","locations":[{"start":{"line":203,"column":8},"end":{"line":203,"column":26}},{"start":{"line":203,"column":26},"end":{"line":203,"column":42}}],"line":203},"3":{"loc":{"start":{"line":217,"column":2},"end":{"line":223,"column":null}},"type":"if","locations":[{"start":{"line":217,"column":2},"end":{"line":223,"column":null}},{"start":{},"end":{}}],"line":217},"4":{"loc":{"start":{"line":227,"column":10},"end":{"line":227,"column":44}},"type":"cond-expr","locations":[{"start":{"line":227,"column":33},"end":{"line":227,"column":40}},{"start":{"line":227,"column":40},"end":{"line":227,"column":44}}],"line":227},"5":{"loc":{"start":{"line":231,"column":9},"end":{"line":231,"column":null}},"type":"binary-expr","locations":[{"start":{"line":231,"column":9},"end":{"line":231,"column":45}},{"start":{"line":231,"column":45},"end":{"line":231,"column":null}}],"line":231}},"s":{"0":0,"1":0,"2":0,"3":0,"4":0,"5":0,"6":0,"7":0,"8":0,"9":0,"10":0,"11":0,"12":0,"13":0},"f":{"0":0,"1":0,"2":0,"3":0},"b":{"0":[0,0],"1":[0,0],"2":[0,0],"3":[0,0],"4":[0,0],"5":[0,0]},"meta":{"lastBranch":6,"lastFunction":4,"lastStatement":14,"seen":{"s:3:59:196:Infinity":0,"s:198:24:198:Infinity":1,"b:200:0:209:Infinity:undefined:undefined:undefined:undefined":0,"s:200:0:209:Infinity":2,"s:201:2:208:Infinity":3,"s:202:18:202:Infinity":4,"b:203:4:205:Infinity:undefined:undefined:undefined:undefined":1,"s:203:4:205:Infinity":5,"b:203:8:203:26:203:26:203:42":2,"s:204:6:204:Infinity":6,"f:211:16:211:32":0,"s:212:2:212:Infinity":7,"f:215:16:215:24":1,"s:216:2:216:Infinity":8,"b:217:2:223:Infinity:undefined:undefined:undefined:undefined":3,"s:217:2:223:Infinity":9,"s:218:4:222:Infinity":10,"s:219:6:219:Infinity":11,"f:226:16:226:29":2,"s:227:2:227:Infinity":12,"b:227:33:227:40:227:40:227:44":4,"f:230:16:230:18":3,"s:231:2:231:Infinity":13,"b:231:9:231:45:231:45:231:Infinity":5},"fnNames":{}}}
,"/home/midory/rpl-ai-curriculum/lms/src/lib/stores/modules.ts": {"path":"/home/midory/rpl-ai-curriculum/lms/src/lib/stores/modules.ts","statementMap":{"0":{"start":{"line":21,"column":1},"end":{"line":21,"column":null}},"1":{"start":{"line":24,"column":33},"end":{"line":819,"column":null}},"2":{"start":{"line":822,"column":1},"end":{"line":822,"column":null}},"3":{"start":{"line":822,"column":28},"end":{"line":822,"column":43}},"4":{"start":{"line":826,"column":1},"end":{"line":826,"column":null}},"5":{"start":{"line":826,"column":28},"end":{"line":826,"column":49}}},"fnMap":{"0":{"name":"s","decl":{"start":{"line":20,"column":9},"end":{"line":20,"column":11}},"loc":{"start":{"line":20,"column":47},"end":{"line":22,"column":null}},"line":20},"1":{"name":"getModuleBySlug","decl":{"start":{"line":821,"column":16},"end":{"line":821,"column":32}},"loc":{"start":{"line":821,"column":66},"end":{"line":823,"column":null}},"line":821},"2":{"name":"(anonymous_2)","decl":{"start":{"line":822,"column":16},"end":{"line":822,"column":22}},"loc":{"start":{"line":822,"column":28},"end":{"line":822,"column":43}},"line":822},"3":{"name":"getModuleByDir","decl":{"start":{"line":825,"column":16},"end":{"line":825,"column":31}},"loc":{"start":{"line":825,"column":68},"end":{"line":827,"column":null}},"line":825},"4":{"name":"(anonymous_4)","decl":{"start":{"line":826,"column":16},"end":{"line":826,"column":22}},"loc":{"start":{"line":826,"column":28},"end":{"line":826,"column":49}},"line":826}},"branchMap":{},"s":{"0":0,"1":0,"2":0,"3":0,"4":0,"5":0},"f":{"0":0,"1":0,"2":0,"3":0,"4":0},"b":{},"meta":{"lastBranch":0,"lastFunction":5,"lastStatement":6,"seen":{"f:20:9:20:11":0,"s:21:1:21:Infinity":0,"s:24:33:819:Infinity":1,"f:821:16:821:32":1,"s:822:1:822:Infinity":2,"f:822:16:822:22":2,"s:822:28:822:43":3,"f:825:16:825:31":3,"s:826:1:826:Infinity":4,"f:826:16:826:22":4,"s:826:28:826:49":5},"fnNames":{}}}
,"/home/midory/rpl-ai-curriculum/lms/src/lib/stores/paths.ts": {"path":"/home/midory/rpl-ai-curriculum/lms/src/lib/stores/paths.ts","statementMap":{"0":{"start":{"line":14,"column":37},"end":{"line":191,"column":null}},"1":{"start":{"line":194,"column":2},"end":{"line":194,"column":null}},"2":{"start":{"line":194,"column":25},"end":{"line":194,"column":40}},"3":{"start":{"line":207,"column":15},"end":{"line":207,"column":null}},"4":{"start":{"line":207,"column":31},"end":{"line":207,"column":50}},"5":{"start":{"line":208,"column":2},"end":{"line":208,"column":null}},"6":{"start":{"line":208,"column":13},"end":{"line":208,"column":null}},"7":{"start":{"line":209,"column":18},"end":{"line":209,"column":null}},"8":{"start":{"line":210,"column":14},"end":{"line":210,"column":null}},"9":{"start":{"line":211,"column":2},"end":{"line":218,"column":null}},"10":{"start":{"line":212,"column":16},"end":{"line":212,"column":null}},"11":{"start":{"line":213,"column":4},"end":{"line":213,"column":null}},"12":{"start":{"line":213,"column":14},"end":{"line":213,"column":null}},"13":{"start":{"line":214,"column":4},"end":{"line":217,"column":null}},"14":{"start":{"line":215,"column":6},"end":{"line":215,"column":null}},"15":{"start":{"line":216,"column":6},"end":{"line":216,"column":null}},"16":{"start":{"line":216,"column":41},"end":{"line":216,"column":null}},"17":{"start":{"line":219,"column":2},"end":{"line":219,"column":null}},"18":{"start":{"line":230,"column":15},"end":{"line":230,"column":null}},"19":{"start":{"line":230,"column":31},"end":{"line":230,"column":50}},"20":{"start":{"line":231,"column":2},"end":{"line":231,"column":null}},"21":{"start":{"line":231,"column":13},"end":{"line":231,"column":null}},"22":{"start":{"line":232,"column":2},"end":{"line":240,"column":null}},"23":{"start":{"line":233,"column":16},"end":{"line":233,"column":null}},"24":{"start":{"line":234,"column":4},"end":{"line":234,"column":null}},"25":{"start":{"line":234,"column":14},"end":{"line":234,"column":null}},"26":{"start":{"line":235,"column":4},"end":{"line":239,"column":null}},"27":{"start":{"line":236,"column":6},"end":{"line":238,"column":null}},"28":{"start":{"line":237,"column":8},"end":{"line":237,"column":null}},"29":{"start":{"line":241,"column":2},"end":{"line":241,"column":null}}},"fnMap":{"0":{"name":"getPathBySlug","decl":{"start":{"line":193,"column":16},"end":{"line":193,"column":30}},"loc":{"start":{"line":193,"column":70},"end":{"line":195,"column":null}},"line":193},"1":{"name":"(anonymous_1)","decl":{"start":{"line":194,"column":15},"end":{"line":194,"column":20}},"loc":{"start":{"line":194,"column":25},"end":{"line":194,"column":40}},"line":194},"2":{"name":"computePathProgress","decl":{"start":{"line":203,"column":16},"end":{"line":203,"column":null}},"loc":{"start":{"line":206,"column":53},"end":{"line":220,"column":null}},"line":206},"3":{"name":"(anonymous_3)","decl":{"start":{"line":207,"column":21},"end":{"line":207,"column":26}},"loc":{"start":{"line":207,"column":31},"end":{"line":207,"column":50}},"line":207},"4":{"name":"findNextSession","decl":{"start":{"line":226,"column":16},"end":{"line":226,"column":null}},"loc":{"start":{"line":229,"column":95},"end":{"line":242,"column":null}},"line":229},"5":{"name":"(anonymous_5)","decl":{"start":{"line":230,"column":21},"end":{"line":230,"column":26}},"loc":{"start":{"line":230,"column":31},"end":{"line":230,"column":50}},"line":230}},"branchMap":{"0":{"loc":{"start":{"line":208,"column":2},"end":{"line":208,"column":null}},"type":"if","locations":[{"start":{"line":208,"column":2},"end":{"line":208,"column":null}},{"start":{},"end":{}}],"line":208},"1":{"loc":{"start":{"line":213,"column":4},"end":{"line":213,"column":null}},"type":"if","locations":[{"start":{"line":213,"column":4},"end":{"line":213,"column":null}},{"start":{},"end":{}}],"line":213},"2":{"loc":{"start":{"line":216,"column":6},"end":{"line":216,"column":null}},"type":"if","locations":[{"start":{"line":216,"column":6},"end":{"line":216,"column":null}},{"start":{},"end":{}}],"line":216},"3":{"loc":{"start":{"line":219,"column":34},"end":{"line":219,"column":88}},"type":"cond-expr","locations":[{"start":{"line":219,"column":46},"end":{"line":219,"column":86}},{"start":{"line":219,"column":86},"end":{"line":219,"column":88}}],"line":219},"4":{"loc":{"start":{"line":231,"column":2},"end":{"line":231,"column":null}},"type":"if","locations":[{"start":{"line":231,"column":2},"end":{"line":231,"column":null}},{"start":{},"end":{}}],"line":231},"5":{"loc":{"start":{"line":234,"column":4},"end":{"line":234,"column":null}},"type":"if","locations":[{"start":{"line":234,"column":4},"end":{"line":234,"column":null}},{"start":{},"end":{}}],"line":234},"6":{"loc":{"start":{"line":236,"column":6},"end":{"line":238,"column":null}},"type":"if","locations":[{"start":{"line":236,"column":6},"end":{"line":238,"column":null}},{"start":{},"end":{}}],"line":236}},"s":{"0":0,"1":0,"2":0,"3":0,"4":0,"5":0,"6":0,"7":0,"8":0,"9":0,"10":0,"11":0,"12":0,"13":0,"14":0,"15":0,"16":0,"17":0,"18":0,"19":0,"20":0,"21":0,"22":0,"23":0,"24":0,"25":0,"26":0,"27":0,"28":0,"29":0},"f":{"0":0,"1":0,"2":0,"3":0,"4":0,"5":0},"b":{"0":[0,0],"1":[0,0],"2":[0,0],"3":[0,0],"4":[0,0],"5":[0,0],"6":[0,0]},"meta":{"lastBranch":7,"lastFunction":6,"lastStatement":30,"seen":{"s:14:37:191:Infinity":0,"f:193:16:193:30":0,"s:194:2:194:Infinity":1,"f:194:15:194:20":1,"s:194:25:194:40":2,"f:203:16:203:Infinity":2,"s:207:15:207:Infinity":3,"f:207:21:207:26":3,"s:207:31:207:50":4,"b:208:2:208:Infinity:undefined:undefined:undefined:undefined":0,"s:208:2:208:Infinity":5,"s:208:13:208:Infinity":6,"s:209:18:209:Infinity":7,"s:210:14:210:Infinity":8,"s:211:2:218:Infinity":9,"s:212:16:212:Infinity":10,"b:213:4:213:Infinity:undefined:undefined:undefined:undefined":1,"s:213:4:213:Infinity":11,"s:213:14:213:Infinity":12,"s:214:4:217:Infinity":13,"s:215:6:215:Infinity":14,"b:216:6:216:Infinity:undefined:undefined:undefined:undefined":2,"s:216:6:216:Infinity":15,"s:216:41:216:Infinity":16,"s:219:2:219:Infinity":17,"b:219:46:219:86:219:86:219:88":3,"f:226:16:226:Infinity":4,"s:230:15:230:Infinity":18,"f:230:21:230:26":5,"s:230:31:230:50":19,"b:231:2:231:Infinity:undefined:undefined:undefined:undefined":4,"s:231:2:231:Infinity":20,"s:231:13:231:Infinity":21,"s:232:2:240:Infinity":22,"s:233:16:233:Infinity":23,"b:234:4:234:Infinity:undefined:undefined:undefined:undefined":5,"s:234:4:234:Infinity":24,"s:234:14:234:Infinity":25,"s:235:4:239:Infinity":26,"b:236:6:238:Infinity:undefined:undefined:undefined:undefined":6,"s:236:6:238:Infinity":27,"s:237:8:237:Infinity":28,"s:241:2:241:Infinity":29},"fnNames":{}}}
,"/home/midory/rpl-ai-curriculum/lms/src/lib/stores/videos.ts": {"path":"/home/midory/rpl-ai-curriculum/lms/src/lib/stores/videos.ts","statementMap":{"0":{"start":{"line":19,"column":43},"end":{"line":644,"column":null}},"1":{"start":{"line":658,"column":36},"end":{"line":669,"column":null}},"2":{"start":{"line":676,"column":13},"end":{"line":676,"column":null}},"3":{"start":{"line":676,"column":36},"end":{"line":676,"column":57}},"4":{"start":{"line":677,"column":2},"end":{"line":677,"column":null}},"5":{"start":{"line":677,"column":11},"end":{"line":677,"column":null}},"6":{"start":{"line":678,"column":2},"end":{"line":684,"column":null}},"7":{"start":{"line":678,"column":29},"end":{"line":684,"column":4}},"8":{"start":{"line":691,"column":32},"end":{"line":691,"column":null}},"9":{"start":{"line":692,"column":2},"end":{"line":702,"column":null}},"10":{"start":{"line":693,"column":4},"end":{"line":701,"column":null}},"11":{"start":{"line":694,"column":6},"end":{"line":700,"column":null}},"12":{"start":{"line":703,"column":2},"end":{"line":703,"column":null}},"13":{"start":{"line":710,"column":48},"end":{"line":710,"column":null}},"14":{"start":{"line":711,"column":2},"end":{"line":719,"column":null}},"15":{"start":{"line":712,"column":4},"end":{"line":718,"column":null}},"16":{"start":{"line":712,"column":49},"end":{"line":718,"column":6}},"17":{"start":{"line":720,"column":2},"end":{"line":720,"column":null}}},"fnMap":{"0":{"name":"getVideosByModule","decl":{"start":{"line":675,"column":16},"end":{"line":675,"column":34}},"loc":{"start":{"line":675,"column":62},"end":{"line":685,"column":null}},"line":675},"1":{"name":"(anonymous_1)","decl":{"start":{"line":676,"column":26},"end":{"line":676,"column":31}},"loc":{"start":{"line":676,"column":36},"end":{"line":676,"column":57}},"line":676},"2":{"name":"(anonymous_2)","decl":{"start":{"line":678,"column":19},"end":{"line":678,"column":23}},"loc":{"start":{"line":678,"column":29},"end":{"line":684,"column":4}},"line":678},"3":{"name":"getPublishedVideos","decl":{"start":{"line":690,"column":16},"end":{"line":690,"column":51}},"loc":{"start":{"line":690,"column":51},"end":{"line":704,"column":null}},"line":690},"4":{"name":"getVideosGroupedByModule","decl":{"start":{"line":709,"column":16},"end":{"line":709,"column":73}},"loc":{"start":{"line":709,"column":73},"end":{"line":721,"column":null}},"line":709},"5":{"name":"(anonymous_5)","decl":{"start":{"line":712,"column":39},"end":{"line":712,"column":43}},"loc":{"start":{"line":712,"column":49},"end":{"line":718,"column":6}},"line":712}},"branchMap":{"0":{"loc":{"start":{"line":677,"column":2},"end":{"line":677,"column":null}},"type":"if","locations":[{"start":{"line":677,"column":2},"end":{"line":677,"column":null}},{"start":{},"end":{}}],"line":677}},"s":{"0":0,"1":0,"2":0,"3":0,"4":0,"5":0,"6":0,"7":0,"8":0,"9":0,"10":0,"11":0,"12":0,"13":0,"14":0,"15":0,"16":0,"17":0},"f":{"0":0,"1":0,"2":0,"3":0,"4":0,"5":0},"b":{"0":[0,0]},"meta":{"lastBranch":1,"lastFunction":6,"lastStatement":18,"seen":{"s:19:43:644:Infinity":0,"s:658:36:669:Infinity":1,"f:675:16:675:34":0,"s:676:13:676:Infinity":2,"f:676:26:676:31":1,"s:676:36:676:57":3,"b:677:2:677:Infinity:undefined:undefined:undefined:undefined":0,"s:677:2:677:Infinity":4,"s:677:11:677:Infinity":5,"s:678:2:684:Infinity":6,"f:678:19:678:23":2,"s:678:29:684:4":7,"f:690:16:690:51":3,"s:691:32:691:Infinity":8,"s:692:2:702:Infinity":9,"s:693:4:701:Infinity":10,"s:694:6:700:Infinity":11,"s:703:2:703:Infinity":12,"f:709:16:709:73":4,"s:710:48:710:Infinity":13,"s:711:2:719:Infinity":14,"s:712:4:718:Infinity":15,"f:712:39:712:43":5,"s:712:49:718:6":16,"s:720:2:720:Infinity":17},"fnNames":{}}}
}
